[19-07-24 20:48:48] [PicqBotX] [INFO] 
[19-07-24 20:48:48] [PicqBotX] [INFO]     ____  _            ____        __ _  __
[19-07-24 20:48:48] [PicqBotX] [INFO]    / __ \(_)________ _/ __ )____  / /| |/ /
[19-07-24 20:48:48] [PicqBotX] [INFO]   / /_/ / / ___/ __ `/ __  / __ \/ __/   /
[19-07-24 20:48:48] [PicqBotX] [INFO]  / ____/ / /__/ /_/ / /_/ / /_/ / /_/   |
[19-07-24 20:48:48] [PicqBotX] [INFO] /_/   /_/\___/\__, /_____/\____/\__/_/|_|
[19-07-24 20:48:48] [PicqBotX] [INFO]                 /_/         v4.10.1.928
[19-07-24 20:48:48] [PicqBotX] [INFO] 日志管理器     初始化完成 [******] ...(27.47 ms)
[19-07-24 20:48:48] [PicqBotX] [INFO] 缓存管理器     初始化完成 [******] ...(1.76 ms)
[19-07-24 20:48:48] [PicqBotX] [INFO] DEBUG设置     初始化完成 [******] ...(0.01 ms)
[19-07-24 20:48:48] [PicqBotX] [INFO] 事件管理器     初始化完成 [******] ...(28.24 ms)
[19-07-24 20:48:48] [PicqBotX] [INFO] 账号管理器     初始化完成 [******] ...(1.07 ms)
[19-07-24 20:48:48] [PicqBotX] [INFO] HTTP监听服务器 初始化完成 [******] ...(1.48 ms)
[19-07-24 20:48:48] [PicqBotX] [INFO] 账号 Bot01:   版本验证完成!
[19-07-24 20:48:48] [PicqBotX] [INFO] 正在启动...
[19-07-24 20:48:54] [PicqBotX] [DEBUG(java.lang.Thread.run:748)] 收到新请求: CQHttp/4.10.1
[19-07-24 20:48:54] [PicqBotX] [DEBUG(java.lang.Thread.run:748)] - 数据: {"font":8400744,"message":"-启动","message_id":64218,"message_type":"private","post_type":"message","raw_message":"-启动","self_id":2997400528,"sender":{"age":8,"nickname":"0 4 . 2 2","sex":"male","user_id":1061917196},"sub_type":"friend","time":1563972534,"user_id":1061917196}
[19-07-24 20:48:55] [PicqBotX] [DEBUG(java.lang.Thread.run:748)] 收到新请求: CQHttp/4.10.1
[19-07-24 20:48:55] [PicqBotX] [DEBUG(java.lang.Thread.run:748)] - 数据: {"font":8400776,"message":"#匹配","message_id":64220,"message_type":"private","post_type":"message","raw_message":"#匹配","self_id":2997400528,"sender":{"age":8,"nickname":"0 4 . 2 2","sex":"male","user_id":1061917196},"sub_type":"friend","time":1563972535,"user_id":1061917196}
[19-07-24 20:49:03] [PicqBotX] [DEBUG(java.lang.Thread.run:748)] 收到新请求: CQHttp/4.10.1
[19-07-24 20:49:03] [PicqBotX] [DEBUG(java.lang.Thread.run:748)] - 数据: {"font":8400488,"message":"#匹配","message_id":64222,"message_type":"private","post_type":"message","raw_message":"#匹配","self_id":2997400528,"sender":{"age":22,"nickname":"过度","sex":"female","user_id":1061917700},"sub_type":"friend","time":1563972543,"user_id":1061917700}
[19-07-24 20:49:14] [PicqBotX] [DEBUG(java.lang.Thread.run:748)] 收到新请求: CQHttp/4.10.1
[19-07-24 20:49:14] [PicqBotX] [DEBUG(java.lang.Thread.run:748)] - 数据: {"anonymous":null,"font":8400456,"group_id":522394334,"message":"#赛文","message_id":64226,"message_type":"group","post_type":"message","raw_message":"#赛文","self_id":2997400528,"sender":{"age":22,"area":"","card":"哀-091","level":"入门","nickname":"哀","role":"member","sex":"male","title":"","user_id":1452940959},"sub_type":"normal","time":1563972553,"user_id":1452940959}
[19-07-24 20:49:14] [PicqBotX] [DEBUG(java.lang.Thread.run:748)] 收到新请求: CQHttp/4.10.1
[19-07-24 20:49:14] [PicqBotX] [DEBUG(java.lang.Thread.run:748)] - 数据: {"anonymous":null,"font":8400232,"group_id":522394334,"message":"#成绩","message_id":64227,"message_type":"group","post_type":"message","raw_message":"#成绩","self_id":2997400528,"sender":{"age":22,"area":"","card":"哀-091","level":"入门","nickname":"哀","role":"member","sex":"male","title":"","user_id":1452940959},"sub_type":"normal","time":1563972554,"user_id":1452940959}
[19-07-24 20:49:15] [PicqBotX] [DEBUG(java.lang.Thread.run:748)] 收到新请求: CQHttp/4.10.1
[19-07-24 20:49:15] [PicqBotX] [DEBUG(java.lang.Thread.run:748)] - 数据: {"anonymous":null,"font":8400136,"group_id":522394334,"message":"混合赛文日赛第603期-清凉爽口制作\r\n单字：肉层检玩晓责境州床夜硬铁摆省纪毒跳梅姓丽熟掉味简尚惊害斗句玉略河获攻洋亚征刘血雨批饭挥耳敢欢胜菜卖宝。文章：在那一刻我尽看到了以后，也相信了你说的即使再怎么难也不会丢下我、也不会放开我的手。那一刻我也相信了我和别人的不一样，我也相信了你说承诺那一刻的真诚，可一颗真心终究敌不过距离和时间的挑唆，最后我们的关系也就这样了！你也没主动找过我，我也没有主动找过你……我还是在原地等你，可你却就那样连一句道别也没有。我知道从熬夜回复信息开始你就在我的生活中打开了一条缺口，你走了这个缺口却在那里。这个缺口就是改变习惯、放弃自己、就是我给你的太在乎……就像有人说过：在几米的世界里，向左走，向右走，爱与错过，一步之遥；在现实生活里，信任与狗血，爱与恨，一步之遥。就是这一步之遥打开了我人生的缺口，你就是那个永远也填满不了的缺口，撕裂开的那一道道口子随着时间会有愈合的时候可那清晰可见的疤痕却也无法修补。\r\n-----第999段-1200S-399Z-4L-3d67974dV--c.sw.1.1\r\n本文由 单字、文章 组成","message_id":64228,"message_type":"group","post_type":"message","raw_message":"混合赛文日赛第603期-清凉爽口制作\r\n单字：肉层检玩晓责境州床夜硬铁摆省纪毒跳梅姓丽熟掉味简尚惊害斗句玉略河获攻洋亚征刘血雨批饭挥耳敢欢胜菜卖宝。文章：在那一刻我尽看到了以后，也相信了你说的即使再怎么难也不会丢下我、也不会放开我的手。那一刻我也相信了我和别人的不一样，我也相信了你说承诺那一刻的真诚，可一颗真心终究敌不过距离和时间的挑唆，最后我们的关系也就这样了！你也没主动找过我，我也没有主动找过你……我还是在原地等你，可你却就那样连一句道别也没有。我知道从熬夜回复信息开始你就在我的生活中打开了一条缺口，你走了这个缺口却在那里。这个缺口就是改变习惯、放弃自己、就是我给你的太在乎……就像有人说过：在几米的世界里，向左走，向右走，爱与错过，一步之遥；在现实生活里，信任与狗血，爱与恨，一步之遥。就是这一步之遥打开了我人生的缺口，你就是那个永远也填满不了的缺口，撕裂开的那一道道口子随着时间会有愈合的时候可那清晰可见的疤痕却也无法修补。\r\n-----第999段-1200S-399Z-4L-3d67974dV--c.sw.1.1\r\n本文由 单字、文章 组成","self_id":2997400528,"sender":{"age":6,"area":"北京","card":"","level":"小白","nickname":"小拆","role":"member","sex":"female","title":"","user_id":207938707},"sub_type":"normal","time":1563972555,"user_id":207938707}
[19-07-24 20:49:17] [PicqBotX] [DEBUG(java.lang.Thread.run:748)] 收到新请求: CQHttp/4.10.1
[19-07-24 20:49:17] [PicqBotX] [DEBUG(java.lang.Thread.run:748)] - 数据: {"anonymous":null,"font":8400264,"group_id":522394334,"message":"[CQ:image,file=026F5343AF105ECAC4E6586FD9791908.png,url=https://gchat.qpic.cn/gchatpic_new/207938707/522394334-2754983914-026F5343AF105ECAC4E6586FD9791908/0?vuin=2997400528&amp;term=2]","message_id":64229,"message_type":"group","post_type":"message","raw_message":"[CQ:image,file=026F5343AF105ECAC4E6586FD9791908.png]","self_id":2997400528,"sender":{"age":6,"area":"北京","card":"","level":"小白","nickname":"小拆","role":"member","sex":"female","title":"","user_id":207938707},"sub_type":"normal","time":1563972557,"user_id":207938707}
[19-07-24 20:49:34] [PicqBotX] [DEBUG(java.lang.Thread.run:748)] 收到新请求: CQHttp/4.10.1
[19-07-24 20:49:34] [PicqBotX] [DEBUG(java.lang.Thread.run:748)] - 数据: {"anonymous":null,"font":8400712,"group_id":556981260,"message":"。。。","message_id":64230,"message_type":"group","post_type":"message","raw_message":"。。。","self_id":2997400528,"sender":{"age":0,"area":"上海","card":"淡淡的徒弟小鲤鱼-亚伟","level":"死飞单车","nickname":"小鲤鱼","role":"admin","sex":"female","title":"","user_id":1957992261},"sub_type":"normal","time":1563972574,"user_id":1957992261}
[19-07-24 20:49:58] [PicqBotX] [DEBUG(java.lang.Thread.run:748)] 收到新请求: CQHttp/4.10.1
[19-07-24 20:49:58] [PicqBotX] [DEBUG(java.lang.Thread.run:748)] - 数据: {"anonymous":null,"font":8400296,"group_id":522394334,"message":"算了，放弃。","message_id":64231,"message_type":"group","post_type":"message","raw_message":"算了，放弃。","self_id":2997400528,"sender":{"age":22,"area":"","card":"哀-091","level":"入门","nickname":"哀","role":"member","sex":"male","title":"","user_id":1452940959},"sub_type":"normal","time":1563972598,"user_id":1452940959}
[19-07-24 20:50:09] [PicqBotX] [DEBUG(java.lang.Thread.run:748)] 收到新请求: CQHttp/4.10.1
[19-07-24 20:50:09] [PicqBotX] [DEBUG(java.lang.Thread.run:748)] - 数据: {"anonymous":null,"font":8400776,"group_id":556981260,"message":"#赛文","message_id":64232,"message_type":"group","post_type":"message","raw_message":"#赛文","self_id":2997400528,"sender":{"age":22,"area":"","card":"哀-091","level":"五菱宏光","nickname":"哀","role":"member","sex":"male","title":"","user_id":1452940959},"sub_type":"normal","time":1563972609,"user_id":1452940959}
[19-07-24 20:50:11] [PicqBotX] [DEBUG(java.lang.Thread.run:748)] 收到新请求: CQHttp/4.10.1
[19-07-24 20:50:11] [PicqBotX] [DEBUG(java.lang.Thread.run:748)] - 数据: {"anonymous":null,"font":8400776,"group_id":556981260,"message":"哲人的爱第1201期-聆竹听风制作\r\n平素写些小文章我是不起草稿的。但是为了写这几十个字，我却决定夜里到附近僻静的街道上长时间漫步，思索、酝酿。我想起了一位文豪类似这样意思的话：“当你把笔插进墨水瓶里的时候，如果不是蘸着自己的血来写的话，那就不要动笔。”那夜月色溶溶，柠檬桉雪白的树干显得十分高洁。月光透过凤凰木，洒落了一地斑驳的光点。长街寂寂，阒无一人，我来回踱步，一次、一次又一次。那具骷髅在我眼前冉冉腾起，我的想象使他还原为血肉之躯：他埋头在灯下研读，他屹立在讲坛上讲学，他以深邃的眼光凝视人群，毅然写下献出骨骼遗嘱的情景，历历如在目前。我虽不是教徒，却涌起一种教徒似的心情，渴望能够有个和神圣的魂魄对话的机会。我知道这位教授生前曾经受过政治上不公正的待遇，然而，“风暴压不断雄鹰的翅膀。”“异端待我，国土报之。”有人死了，还要造地宫，造金字塔，棺上要加内椁外椁，坟上还要盖巍峨建筑，死者仿佛撑开了棺盖，伸出手来喊道：“再给我东西！”有人死时，临终还拼尽力气，讲出这么一句话：“我想再奉献！”掠夺者和奉献者之间的距离，该是多么遥远！\r\n-----第999段-1200S-450Z-3L-5c6f0868V--c.sw.1.1","message_id":64233,"message_type":"group","post_type":"message","raw_message":"哲人的爱第1201期-聆竹听风制作\r\n平素写些小文章我是不起草稿的。但是为了写这几十个字，我却决定夜里到附近僻静的街道上长时间漫步，思索、酝酿。我想起了一位文豪类似这样意思的话：“当你把笔插进墨水瓶里的时候，如果不是蘸着自己的血来写的话，那就不要动笔。”那夜月色溶溶，柠檬桉雪白的树干显得十分高洁。月光透过凤凰木，洒落了一地斑驳的光点。长街寂寂，阒无一人，我来回踱步，一次、一次又一次。那具骷髅在我眼前冉冉腾起，我的想象使他还原为血肉之躯：他埋头在灯下研读，他屹立在讲坛上讲学，他以深邃的眼光凝视人群，毅然写下献出骨骼遗嘱的情景，历历如在目前。我虽不是教徒，却涌起一种教徒似的心情，渴望能够有个和神圣的魂魄对话的机会。我知道这位教授生前曾经受过政治上不公正的待遇，然而，“风暴压不断雄鹰的翅膀。”“异端待我，国土报之。”有人死了，还要造地宫，造金字塔，棺上要加内椁外椁，坟上还要盖巍峨建筑，死者仿佛撑开了棺盖，伸出手来喊道：“再给我东西！”有人死时，临终还拼尽力气，讲出这么一句话：“我想再奉献！”掠夺者和奉献者之间的距离，该是多么遥远！\r\n-----第999段-1200S-450Z-3L-5c6f0868V--c.sw.1.1","self_id":2997400528,"sender":{"age":6,"area":"北京","card":"","level":"波音747","nickname":"小拆","role":"admin","sex":"female","title":"","user_id":207938707},"sub_type":"normal","time":1563972611,"user_id":207938707}
[19-07-24 20:50:12] [PicqBotX] [DEBUG(java.lang.Thread.run:748)] 收到新请求: CQHttp/4.10.1
[19-07-24 20:50:12] [PicqBotX] [DEBUG(java.lang.Thread.run:748)] - 数据: {"anonymous":null,"font":8400232,"group_id":556981260,"message":"踢谁鸭","message_id":64234,"message_type":"group","post_type":"message","raw_message":"踢谁鸭","self_id":2997400528,"sender":{"age":0,"area":"上海","card":"淡淡的徒弟小鲤鱼-亚伟","level":"死飞单车","nickname":"小鲤鱼","role":"admin","sex":"female","title":"","user_id":1957992261},"sub_type":"normal","time":1563972612,"user_id":1957992261}
[19-07-24 20:51:05] [PicqBotX] [DEBUG(java.lang.Thread.run:748)] 收到新请求: CQHttp/4.10.1
[19-07-24 20:51:05] [PicqBotX] [DEBUG(java.lang.Thread.run:748)] - 数据: {"anonymous":null,"font":8400520,"group_id":556981260,"message":"你们给我举例子我屏蔽","message_id":64235,"message_type":"group","post_type":"message","raw_message":"你们给我举例子我屏蔽","self_id":2997400528,"sender":{"age":0,"area":"上海","card":"淡淡的徒弟小鲤鱼-亚伟","level":"死飞单车","nickname":"小鲤鱼","role":"admin","sex":"female","title":"","user_id":1957992261},"sub_type":"normal","time":1563972665,"user_id":1957992261}
[19-07-24 20:51:23] [PicqBotX] [DEBUG(java.lang.Thread.run:748)] 收到新请求: CQHttp/4.10.1
[19-07-24 20:51:23] [PicqBotX] [DEBUG(java.lang.Thread.run:748)] - 数据: {"anonymous":null,"font":8400040,"group_id":556981260,"message":"我不会嘛","message_id":64236,"message_type":"group","post_type":"message","raw_message":"我不会嘛","self_id":2997400528,"sender":{"age":0,"area":"上海","card":"淡淡的徒弟小鲤鱼-亚伟","level":"死飞单车","nickname":"小鲤鱼","role":"admin","sex":"female","title":"","user_id":1957992261},"sub_type":"normal","time":1563972683,"user_id":1957992261}
[19-07-24 20:52:08] [PicqBotX] [DEBUG(java.lang.Thread.run:748)] 收到新请求: CQHttp/4.10.1
[19-07-24 20:52:08] [PicqBotX] [DEBUG(java.lang.Thread.run:748)] - 数据: {"anonymous":null,"font":8400552,"group_id":556981260,"message":"屏蔽我","message_id":64237,"message_type":"group","post_type":"message","raw_message":"屏蔽我","self_id":2997400528,"sender":{"age":1,"area":"阿拉伯联合酋长国","card":"圈-一九郑码","level":"五菱宏光","nickname":"圈","role":"member","sex":"male","title":"","user_id":1816436708},"sub_type":"normal","time":1563972728,"user_id":1816436708}
[19-07-24 20:52:11] [PicqBotX] [DEBUG(java.lang.Thread.run:748)] 收到新请求: CQHttp/4.10.1
[19-07-24 20:52:11] [PicqBotX] [DEBUG(java.lang.Thread.run:748)] - 数据: {"anonymous":null,"font":8400040,"group_id":556981260,"message":"#成绩","message_id":64238,"message_type":"group","post_type":"message","raw_message":"#成绩","self_id":2997400528,"sender":{"age":1,"area":"阿拉伯联合酋长国","card":"圈-一九郑码","level":"五菱宏光","nickname":"圈","role":"member","sex":"male","title":"","user_id":1816436708},"sub_type":"normal","time":1563972731,"user_id":1816436708}
[19-07-24 20:52:13] [PicqBotX] [DEBUG(java.lang.Thread.run:748)] 收到新请求: CQHttp/4.10.1
[19-07-24 20:52:13] [PicqBotX] [DEBUG(java.lang.Thread.run:748)] - 数据: {"anonymous":null,"font":8400584,"group_id":556981260,"message":"[CQ:image,file=F08FA2059B22A644F953C0CBF4E1FBBA.png,url=https://gchat.qpic.cn/gchatpic_new/207938707/556981260-2705648852-F08FA2059B22A644F953C0CBF4E1FBBA/0?vuin=2997400528&amp;term=2]","message_id":64239,"message_type":"group","post_type":"message","raw_message":"[CQ:image,file=F08FA2059B22A644F953C0CBF4E1FBBA.png]","self_id":2997400528,"sender":{"age":6,"area":"北京","card":"","level":"波音747","nickname":"小拆","role":"admin","sex":"female","title":"","user_id":207938707},"sub_type":"normal","time":1563972733,"user_id":207938707}
[19-07-24 20:52:21] [PicqBotX] [DEBUG(java.lang.Thread.run:748)] 收到新请求: CQHttp/4.10.1
[19-07-24 20:52:21] [PicqBotX] [DEBUG(java.lang.Thread.run:748)] - 数据: {"anonymous":null,"font":8400904,"group_id":556981260,"message":"如果给我一次重新设计电脑键盘的机会，我会把键盘设计成以下这个样子：","message_id":64240,"message_type":"group","post_type":"message","raw_message":"如果给我一次重新设计电脑键盘的机会，我会把键盘设计成以下这个样子：","self_id":2997400528,"sender":{"age":25,"area":"","card":"利键—双拼","level":"五菱宏光","nickname":"神采飞扬","role":"member","sex":"male","title":"","user_id":1078179677},"sub_type":"normal","time":1563972741,"user_id":1078179677}
[19-07-24 20:52:26] [PicqBotX] [DEBUG(java.lang.Thread.run:748)] 收到新请求: CQHttp/4.10.1
[19-07-24 20:52:26] [PicqBotX] [DEBUG(java.lang.Thread.run:748)] - 数据: {"anonymous":null,"font":8400200,"group_id":556981260,"message":"[CQ:image,file=0315C76098900C5F426A0BA0D43C3A3B.jpg,url=https://gchat.qpic.cn/gchatpic_new/1078179677/556981260-3113414048-0315C76098900C5F426A0BA0D43C3A3B/0?vuin=2997400528&amp;term=2]","message_id":64241,"message_type":"group","post_type":"message","raw_message":"[CQ:image,file=0315C76098900C5F426A0BA0D43C3A3B.jpg]","self_id":2997400528,"sender":{"age":25,"area":"","card":"利键—双拼","level":"五菱宏光","nickname":"神采飞扬","role":"member","sex":"male","title":"","user_id":1078179677},"sub_type":"normal","time":1563972746,"user_id":1078179677}
[19-07-24 20:52:46] [PicqBotX] [DEBUG(java.lang.Thread.run:748)] 收到新请求: CQHttp/4.10.1
[19-07-24 20:52:46] [PicqBotX] [DEBUG(java.lang.Thread.run:748)] - 数据: {"anonymous":null,"font":8400424,"group_id":556981260,"message":"怎么屏蔽你鸭","message_id":64242,"message_type":"group","post_type":"message","raw_message":"怎么屏蔽你鸭","self_id":2997400528,"sender":{"age":0,"area":"上海","card":"淡淡的徒弟小鲤鱼-亚伟","level":"死飞单车","nickname":"小鲤鱼","role":"admin","sex":"female","title":"","user_id":1957992261},"sub_type":"normal","time":1563972766,"user_id":1957992261}
[19-07-24 20:52:55] [PicqBotX] [DEBUG(java.lang.Thread.run:748)] 收到新请求: CQHttp/4.10.1
[19-07-24 20:52:55] [PicqBotX] [DEBUG(java.lang.Thread.run:748)] - 数据: {"anonymous":null,"font":8400072,"group_id":556981260,"message":"[CQ:image,file=7BAAC13D286143D905F47604982D5432.gif,url=https://gchat.qpic.cn/gchatpic_new/1957992261/556981260-2628613700-7BAAC13D286143D905F47604982D5432/0?vuin=2997400528&amp;term=2]","message_id":64243,"message_type":"group","post_type":"message","raw_message":"[CQ:image,file=7BAAC13D286143D905F47604982D5432.gif]","self_id":2997400528,"sender":{"age":0,"area":"上海","card":"淡淡的徒弟小鲤鱼-亚伟","level":"死飞单车","nickname":"小鲤鱼","role":"admin","sex":"female","title":"","user_id":1957992261},"sub_type":"normal","time":1563972775,"user_id":1957992261}
[19-07-24 20:53:22] [PicqBotX] [DEBUG(java.lang.Thread.run:748)] 收到新请求: CQHttp/4.10.1
[19-07-24 20:53:22] [PicqBotX] [DEBUG(java.lang.Thread.run:748)] - 数据: {"anonymous":null,"font":8400232,"group_id":556981260,"message":"#屏蔽1816436708 190.6 10.93","message_id":64244,"message_type":"group","post_type":"message","raw_message":"#屏蔽1816436708 190.6 10.93","self_id":2997400528,"sender":{"age":1,"area":"阿拉伯联合酋长国","card":"圈-一九郑码","level":"五菱宏光","nickname":"圈","role":"member","sex":"male","title":"","user_id":1816436708},"sub_type":"normal","time":1563972802,"user_id":1816436708}
[19-07-24 20:53:25] [PicqBotX] [DEBUG(java.lang.Thread.run:748)] 收到新请求: CQHttp/4.10.1
[19-07-24 20:53:25] [PicqBotX] [DEBUG(java.lang.Thread.run:748)] - 数据: {"anonymous":null,"font":8400648,"group_id":556981260,"message":"复制一下","message_id":64245,"message_type":"group","post_type":"message","raw_message":"复制一下","self_id":2997400528,"sender":{"age":1,"area":"阿拉伯联合酋长国","card":"圈-一九郑码","level":"五菱宏光","nickname":"圈","role":"member","sex":"male","title":"","user_id":1816436708},"sub_type":"normal","time":1563972805,"user_id":1816436708}
[19-07-24 20:54:13] [PicqBotX] [DEBUG(java.lang.Thread.run:748)] 收到新请求: CQHttp/4.10.1
[19-07-24 20:54:13] [PicqBotX] [DEBUG(java.lang.Thread.run:748)] - 数据: {"anonymous":null,"font":8400104,"group_id":556981260,"message":"#屏蔽1816436708 190.6 10.93","message_id":64246,"message_type":"group","post_type":"message","raw_message":"#屏蔽1816436708 190.6 10.93","self_id":2997400528,"sender":{"age":0,"area":"上海","card":"淡淡的徒弟小鲤鱼-亚伟","level":"死飞单车","nickname":"小鲤鱼","role":"admin","sex":"female","title":"","user_id":1957992261},"sub_type":"normal","time":1563972853,"user_id":1957992261}
[19-07-24 20:54:13] [PicqBotX] [DEBUG(java.lang.Thread.run:748)] 收到新请求: CQHttp/4.10.1
[19-07-24 20:54:13] [PicqBotX] [DEBUG(java.lang.Thread.run:748)] - 数据: {"anonymous":null,"font":8400456,"group_id":556981260,"message":"屏蔽成功！","message_id":64247,"message_type":"group","post_type":"message","raw_message":"屏蔽成功！","self_id":2997400528,"sender":{"age":6,"area":"北京","card":"","level":"波音747","nickname":"小拆","role":"admin","sex":"female","title":"","user_id":207938707},"sub_type":"normal","time":1563972853,"user_id":207938707}
[19-07-24 20:54:22] [PicqBotX] [DEBUG(java.lang.Thread.run:748)] 收到新请求: CQHttp/4.10.1
[19-07-24 20:54:22] [PicqBotX] [DEBUG(java.lang.Thread.run:748)] - 数据: {"anonymous":null,"font":8400424,"group_id":556981260,"message":"#成绩","message_id":64248,"message_type":"group","post_type":"message","raw_message":"#成绩","self_id":2997400528,"sender":{"age":1,"area":"阿拉伯联合酋长国","card":"圈-一九郑码","level":"五菱宏光","nickname":"圈","role":"member","sex":"male","title":"","user_id":1816436708},"sub_type":"normal","time":1563972862,"user_id":1816436708}
[19-07-24 20:54:25] [PicqBotX] [DEBUG(java.lang.Thread.run:748)] 收到新请求: CQHttp/4.10.1
[19-07-24 20:54:25] [PicqBotX] [DEBUG(java.lang.Thread.run:748)] - 数据: {"anonymous":null,"font":8400840,"group_id":556981260,"message":"[CQ:image,file=142D9901F87D77DB8976DD5121AB9C73.png,url=https://gchat.qpic.cn/gchatpic_new/207938707/556981260-3087618084-142D9901F87D77DB8976DD5121AB9C73/0?vuin=2997400528&amp;term=2]","message_id":64249,"message_type":"group","post_type":"message","raw_message":"[CQ:image,file=142D9901F87D77DB8976DD5121AB9C73.png]","self_id":2997400528,"sender":{"age":6,"area":"北京","card":"","level":"波音747","nickname":"小拆","role":"admin","sex":"female","title":"","user_id":207938707},"sub_type":"normal","time":1563972865,"user_id":207938707}
[19-07-24 20:54:25] [PicqBotX] [DEBUG(java.lang.Thread.run:748)] 收到新请求: CQHttp/4.10.1
[19-07-24 20:54:25] [PicqBotX] [DEBUG(java.lang.Thread.run:748)] - 数据: {"anonymous":null,"font":8400424,"group_id":556981260,"message":"谢训","message_id":64250,"message_type":"group","post_type":"message","raw_message":"谢训","self_id":2997400528,"sender":{"age":1,"area":"阿拉伯联合酋长国","card":"圈-一九郑码","level":"五菱宏光","nickname":"圈","role":"member","sex":"male","title":"","user_id":1816436708},"sub_type":"normal","time":1563972865,"user_id":1816436708}
[19-07-24 20:54:32] [PicqBotX] [DEBUG(java.lang.Thread.run:748)] 收到新请求: CQHttp/4.10.1
[19-07-24 20:54:32] [PicqBotX] [DEBUG(java.lang.Thread.run:748)] - 数据: {"anonymous":null,"font":8400680,"group_id":556981260,"message":"谢谢","message_id":64251,"message_type":"group","post_type":"message","raw_message":"谢谢","self_id":2997400528,"sender":{"age":1,"area":"阿拉伯联合酋长国","card":"圈-一九郑码","level":"五菱宏光","nickname":"圈","role":"member","sex":"male","title":"","user_id":1816436708},"sub_type":"normal","time":1563972872,"user_id":1816436708}
[19-07-24 20:54:36] [PicqBotX] [DEBUG(java.lang.Thread.run:748)] 收到新请求: CQHttp/4.10.1
[19-07-24 20:54:36] [PicqBotX] [DEBUG(java.lang.Thread.run:748)] - 数据: {"anonymous":null,"font":8400136,"group_id":556981260,"message":"谢逊","message_id":64252,"message_type":"group","post_type":"message","raw_message":"谢逊","self_id":2997400528,"sender":{"age":1,"area":"广州","card":"无聊-小鹤全拼","level":"新日电动车","nickname":"无聊","role":"member","sex":"male","title":"","user_id":779855010},"sub_type":"normal","time":1563972876,"user_id":779855010}
[19-07-24 20:54:37] [PicqBotX] [DEBUG(java.lang.Thread.run:748)] 收到新请求: CQHttp/4.10.1
[19-07-24 20:54:37] [PicqBotX] [DEBUG(java.lang.Thread.run:748)] - 数据: {"anonymous":null,"font":8400104,"group_id":556981260,"message":"第999段 速度117.51 击键5.47 码长2.79 回改50 错字0 键数1256 退格41 键准90.05% 字数450 &#91;毅然毅下&#93;21.46s 打词109(53.78%/5.30) &#91;然&#93;2次 起步164.67/6.67/2.43 波动3.80 键法40.17%(左468:697) 评分：[CQ:image,file=FF4BC9F7C841136F37E0BB114E17D3A1.png,url=https://gchat.qpic.cn/gchatpic_new/1452940959/556981260-2646693987-FF4BC9F7C841136F37E0BB114E17D3A1/0?vuin=2997400528&amp;term=2]  输入法：小狼毫 起打于20:50:22 y16","message_id":64253,"message_type":"group","post_type":"message","raw_message":"第999段 速度117.51 击键5.47 码长2.79 回改50 错字0 键数1256 退格41 键准90.05% 字数450 &#91;毅然毅下&#93;21.46s 打词109(53.78%/5.30) &#91;然&#93;2次 起步164.67/6.67/2.43 波动3.80 键法40.17%(左468:697) 评分：[CQ:image,file=FF4BC9F7C841136F37E0BB114E17D3A1.png]  输入法：小狼毫 起打于20:50:22 y16","self_id":2997400528,"sender":{"age":22,"area":"","card":"哀-091","level":"五菱宏光","nickname":"哀","role":"member","sex":"male","title":"","user_id":1452940959},"sub_type":"normal","time":1563972877,"user_id":1452940959}
[19-07-24 20:54:40] [PicqBotX] [DEBUG(java.lang.Thread.run:748)] 收到新请求: CQHttp/4.10.1
[19-07-24 20:54:40] [PicqBotX] [DEBUG(java.lang.Thread.run:748)] - 数据: {"anonymous":null,"font":8400520,"group_id":556981260,"message":"金毛狮王","message_id":64254,"message_type":"group","post_type":"message","raw_message":"金毛狮王","self_id":2997400528,"sender":{"age":1,"area":"广州","card":"无聊-小鹤全拼","level":"新日电动车","nickname":"无聊","role":"member","sex":"male","title":"","user_id":779855010},"sub_type":"normal","time":1563972880,"user_id":779855010}
[19-07-24 20:54:41] [PicqBotX] [DEBUG(java.lang.Thread.run:748)] 收到新请求: CQHttp/4.10.1
[19-07-24 20:54:41] [PicqBotX] [DEBUG(java.lang.Thread.run:748)] - 数据: {"anonymous":null,"font":8400104,"group_id":556981260,"message":"[CQ:face,id=178]","message_id":64255,"message_type":"group","post_type":"message","raw_message":"[CQ:face,id=178]","self_id":2997400528,"sender":{"age":1,"area":"阿拉伯联合酋长国","card":"圈-一九郑码","level":"五菱宏光","nickname":"圈","role":"member","sex":"male","title":"","user_id":1816436708},"sub_type":"normal","time":1563972881,"user_id":1816436708}
[19-07-24 20:54:49] [PicqBotX] [DEBUG(java.lang.Thread.run:748)] 收到新请求: CQHttp/4.10.1
[19-07-24 20:54:49] [PicqBotX] [DEBUG(java.lang.Thread.run:748)] - 数据: {"anonymous":null,"font":8400264,"group_id":556981260,"message":"[CQ:image,file=B5ABC2AEE09C89F79BB2766063CAEC03.jpg,url=https://gchat.qpic.cn/gchatpic_new/1137948935/556981260-3109488483-B5ABC2AEE09C89F79BB2766063CAEC03/0?vuin=2997400528&amp;term=2]","message_id":64256,"message_type":"group","post_type":"message","raw_message":"[CQ:image,file=B5ABC2AEE09C89F79BB2766063CAEC03.jpg]","self_id":2997400528,"sender":{"age":0,"area":"上海","card":"淡淡的徒弟小鲤鱼-亚伟","level":"死飞单车","nickname":"小鲤鱼","role":"admin","sex":"female","title":"","user_id":1957992261},"sub_type":"normal","time":1563972889,"user_id":1957992261}
[19-07-24 20:54:55] [PicqBotX] [DEBUG(java.lang.Thread.run:748)] 收到新请求: CQHttp/4.10.1
[19-07-24 20:54:55] [PicqBotX] [DEBUG(java.lang.Thread.run:748)] - 数据: {"anonymous":null,"font":8400200,"group_id":556981260,"message":"圈圈","message_id":64257,"message_type":"group","post_type":"message","raw_message":"圈圈","self_id":2997400528,"sender":{"age":0,"area":"上海","card":"淡淡的徒弟小鲤鱼-亚伟","level":"死飞单车","nickname":"小鲤鱼","role":"admin","sex":"female","title":"","user_id":1957992261},"sub_type":"normal","time":1563972895,"user_id":1957992261}
[19-07-24 20:54:58] [PicqBotX] [DEBUG(java.lang.Thread.run:748)] 收到新请求: CQHttp/4.10.1
[19-07-24 20:54:58] [PicqBotX] [DEBUG(java.lang.Thread.run:748)] - 数据: {"anonymous":null,"font":8400264,"group_id":556981260,"message":"姐姐","message_id":64258,"message_type":"group","post_type":"message","raw_message":"姐姐","self_id":2997400528,"sender":{"age":0,"area":"上海","card":"淡淡的徒弟小鲤鱼-亚伟","level":"死飞单车","nickname":"小鲤鱼","role":"admin","sex":"female","title":"","user_id":1957992261},"sub_type":"normal","time":1563972898,"user_id":1957992261}
[19-07-24 20:55:04] [PicqBotX] [DEBUG(java.lang.Thread.run:748)] 收到新请求: CQHttp/4.10.1
[19-07-24 20:55:04] [PicqBotX] [DEBUG(java.lang.Thread.run:748)] - 数据: {"anonymous":null,"font":8400936,"group_id":556981260,"message":"我像母老虎吗","message_id":64259,"message_type":"group","post_type":"message","raw_message":"我像母老虎吗","self_id":2997400528,"sender":{"age":0,"area":"上海","card":"淡淡的徒弟小鲤鱼-亚伟","level":"死飞单车","nickname":"小鲤鱼","role":"admin","sex":"female","title":"","user_id":1957992261},"sub_type":"normal","time":1563972904,"user_id":1957992261}
[19-07-24 20:55:10] [PicqBotX] [DEBUG(java.lang.Thread.run:748)] 收到新请求: CQHttp/4.10.1
[19-07-24 20:55:10] [PicqBotX] [DEBUG(java.lang.Thread.run:748)] - 数据: {"anonymous":null,"font":8400040,"group_id":556981260,"message":"哀酱已经连击键都佛了吗","message_id":64260,"message_type":"group","post_type":"message","raw_message":"哀酱已经连击键都佛了吗","self_id":2997400528,"sender":{"age":1,"area":"广州","card":"无聊-小鹤全拼","level":"新日电动车","nickname":"无聊","role":"member","sex":"male","title":"","user_id":779855010},"sub_type":"normal","time":1563972910,"user_id":779855010}
[19-07-24 20:55:29] [PicqBotX] [DEBUG(java.lang.Thread.run:748)] 收到新请求: CQHttp/4.10.1
[19-07-24 20:55:29] [PicqBotX] [DEBUG(java.lang.Thread.run:748)] - 数据: {"anonymous":null,"font":8400936,"group_id":522394334,"message":"发现一个免费的内网穿透的软件https://www.natfrp.com/","message_id":64261,"message_type":"group","post_type":"message","raw_message":"发现一个免费的内网穿透的软件https://www.natfrp.com/","self_id":2997400528,"sender":{"age":54,"area":"阿尔及利亚","card":"超级美男子-小兮码","level":"小白","nickname":"范爷","role":"owner","sex":"male","title":"","user_id":412615370},"sub_type":"normal","time":1563972928,"user_id":412615370}
[19-07-24 20:55:33] [PicqBotX] [DEBUG(java.lang.Thread.run:748)] 收到新请求: CQHttp/4.10.1
[19-07-24 20:55:33] [PicqBotX] [DEBUG(java.lang.Thread.run:748)] - 数据: {"anonymous":null,"font":8400264,"group_id":556981260,"message":"这是打单吧","message_id":64262,"message_type":"group","post_type":"message","raw_message":"这是打单吧","self_id":2997400528,"sender":{"age":1,"area":"阿拉伯联合酋长国","card":"圈-一九郑码","level":"五菱宏光","nickname":"圈","role":"member","sex":"male","title":"","user_id":1816436708},"sub_type":"normal","time":1563972933,"user_id":1816436708}
[19-07-24 20:55:33] [PicqBotX] [DEBUG(java.lang.Thread.run:748)] 收到新请求: CQHttp/4.10.1
[19-07-24 20:55:33] [PicqBotX] [DEBUG(java.lang.Thread.run:748)] - 数据: {"anonymous":null,"font":8400168,"group_id":556981260,"message":"[CQ:image,file=322BB8D797F943F2BA7BC1FD799FF534.jpg,url=https://gchat.qpic.cn/gchatpic_new/1957992261/556981260-2936861116-322BB8D797F943F2BA7BC1FD799FF534/0?vuin=2997400528&amp;term=2]","message_id":64263,"message_type":"group","post_type":"message","raw_message":"[CQ:image,file=322BB8D797F943F2BA7BC1FD799FF534.jpg]","self_id":2997400528,"sender":{"age":0,"area":"上海","card":"淡淡的徒弟小鲤鱼-亚伟","level":"死飞单车","nickname":"小鲤鱼","role":"admin","sex":"female","title":"","user_id":1957992261},"sub_type":"normal","time":1563972933,"user_id":1957992261}
[19-07-24 20:55:40] [PicqBotX] [DEBUG(java.lang.Thread.run:748)] 收到新请求: CQHttp/4.10.1
[19-07-24 20:55:40] [PicqBotX] [DEBUG(java.lang.Thread.run:748)] - 数据: {"anonymous":null,"font":8400200,"group_id":556981260,"message":"圈姐姐","message_id":64264,"message_type":"group","post_type":"message","raw_message":"圈姐姐","self_id":2997400528,"sender":{"age":0,"area":"上海","card":"淡淡的徒弟小鲤鱼-亚伟","level":"死飞单车","nickname":"小鲤鱼","role":"admin","sex":"female","title":"","user_id":1957992261},"sub_type":"normal","time":1563972940,"user_id":1957992261}
[19-07-24 20:56:10] [PicqBotX] [DEBUG(java.lang.Thread.run:748)] 收到新请求: CQHttp/4.10.1
[19-07-24 20:56:10] [PicqBotX] [DEBUG(java.lang.Thread.run:748)] - 数据: {"anonymous":null,"font":8400744,"group_id":556981260,"message":"[CQ:at,qq=779855010] 没注意到我发的图片么[CQ:face,id=111]","message_id":64265,"message_type":"group","post_type":"message","raw_message":"[CQ:at,qq=779855010] 没注意到我发的图片么[CQ:face,id=111]","self_id":2997400528,"sender":{"age":25,"area":"","card":"利键—双拼","level":"五菱宏光","nickname":"神采飞扬","role":"member","sex":"male","title":"","user_id":1078179677},"sub_type":"normal","time":1563972970,"user_id":1078179677}
[19-07-24 20:56:16] [PicqBotX] [DEBUG(java.lang.Thread.run:748)] 收到新请求: CQHttp/4.10.1
[19-07-24 20:56:16] [PicqBotX] [DEBUG(java.lang.Thread.run:748)] - 数据: {"anonymous":null,"font":8400072,"group_id":522394334,"message":"我旧的笔记本终于有用了，可以把它当成服务器用了","message_id":64266,"message_type":"group","post_type":"message","raw_message":"我旧的笔记本终于有用了，可以把它当成服务器用了","self_id":2997400528,"sender":{"age":54,"area":"阿尔及利亚","card":"超级美男子-小兮码","level":"小白","nickname":"范爷","role":"owner","sex":"male","title":"","user_id":412615370},"sub_type":"normal","time":1563972976,"user_id":412615370}
[19-07-24 20:56:29] [PicqBotX] [DEBUG(java.lang.Thread.run:748)] 收到新请求: CQHttp/4.10.1
[19-07-24 20:56:29] [PicqBotX] [DEBUG(java.lang.Thread.run:748)] - 数据: {"anonymous":null,"font":8400520,"group_id":556981260,"message":"我那样的键位是不是很好用？","message_id":64267,"message_type":"group","post_type":"message","raw_message":"我那样的键位是不是很好用？","self_id":2997400528,"sender":{"age":25,"area":"","card":"利键—双拼","level":"五菱宏光","nickname":"神采飞扬","role":"member","sex":"male","title":"","user_id":1078179677},"sub_type":"normal","time":1563972989,"user_id":1078179677}
[19-07-24 20:56:33] [PicqBotX] [DEBUG(java.lang.Thread.run:748)] 收到新请求: CQHttp/4.10.1
[19-07-24 20:56:33] [PicqBotX] [DEBUG(java.lang.Thread.run:748)] - 数据: {"anonymous":null,"font":8400552,"group_id":522394334,"message":"广告","message_id":64268,"message_type":"group","post_type":"message","raw_message":"广告","self_id":2997400528,"sender":{"age":7,"area":"","card":"初心-小鹤音形","level":"入门","nickname":"start over","role":"admin","sex":"female","title":"","user_id":2963900463},"sub_type":"normal","time":1563972993,"user_id":2963900463}
[19-07-24 20:56:36] [PicqBotX] [DEBUG(java.lang.Thread.run:748)] 收到新请求: CQHttp/4.10.1
[19-07-24 20:56:36] [PicqBotX] [DEBUG(java.lang.Thread.run:748)] - 数据: {"anonymous":null,"font":8400488,"group_id":522394334,"message":"[CQ:image,file=00D7326E4D5A374BB2CA249DC890FB44.jpg,url=https://gchat.qpic.cn/gchatpic_new/2963900463/522394334-2865846849-00D7326E4D5A374BB2CA249DC890FB44/0?vuin=2997400528&amp;term=2]","message_id":64269,"message_type":"group","post_type":"message","raw_message":"[CQ:image,file=00D7326E4D5A374BB2CA249DC890FB44.jpg]","self_id":2997400528,"sender":{"age":7,"area":"","card":"初心-小鹤音形","level":"入门","nickname":"start over","role":"admin","sex":"female","title":"","user_id":2963900463},"sub_type":"normal","time":1563972996,"user_id":2963900463}
[19-07-24 20:56:59] [PicqBotX] [DEBUG(java.lang.Thread.run:748)] 收到新请求: CQHttp/4.10.1
[19-07-24 20:56:59] [PicqBotX] [DEBUG(java.lang.Thread.run:748)] - 数据: {"anonymous":null,"font":8400296,"group_id":522394334,"message":"草，发错群了","message_id":64270,"message_type":"group","post_type":"message","raw_message":"草，发错群了","self_id":2997400528,"sender":{"age":54,"area":"阿尔及利亚","card":"超级美男子-小兮码","level":"小白","nickname":"范爷","role":"owner","sex":"male","title":"","user_id":412615370},"sub_type":"normal","time":1563973019,"user_id":412615370}
[19-07-24 20:57:02] [PicqBotX] [DEBUG(java.lang.Thread.run:748)] 收到新请求: CQHttp/4.10.1
[19-07-24 20:57:02] [PicqBotX] [DEBUG(java.lang.Thread.run:748)] - 数据: {"anonymous":null,"font":8400104,"group_id":556981260,"message":"学习成本几乎没有，会英文26字母顺序就可以打字了","message_id":64271,"message_type":"group","post_type":"message","raw_message":"学习成本几乎没有，会英文26字母顺序就可以打字了","self_id":2997400528,"sender":{"age":25,"area":"","card":"利键—双拼","level":"五菱宏光","nickname":"神采飞扬","role":"member","sex":"male","title":"","user_id":1078179677},"sub_type":"normal","time":1563973022,"user_id":1078179677}
[19-07-24 20:57:19] [PicqBotX] [DEBUG(java.lang.Thread.run:748)] 收到新请求: CQHttp/4.10.1
[19-07-24 20:57:19] [PicqBotX] [DEBUG(java.lang.Thread.run:748)] - 数据: {"anonymous":null,"font":8400648,"group_id":522394334,"message":"#赛文","message_id":64272,"message_type":"group","post_type":"message","raw_message":"#赛文","self_id":2997400528,"sender":{"age":22,"area":"济南","card":"阿金-E迅速录","level":"中级","nickname":"E迅阿金","role":"member","sex":"male","title":"","user_id":2623495687},"sub_type":"normal","time":1563973039,"user_id":2623495687}
[19-07-24 20:57:20] [PicqBotX] [DEBUG(java.lang.Thread.run:748)] 收到新请求: CQHttp/4.10.1
[19-07-24 20:57:20] [PicqBotX] [DEBUG(java.lang.Thread.run:748)] - 数据: {"anonymous":null,"font":8400040,"group_id":522394334,"message":"混合赛文日赛第603期-清凉爽口制作\r\n单字：肉层检玩晓责境州床夜硬铁摆省纪毒跳梅姓丽熟掉味简尚惊害斗句玉略河获攻洋亚征刘血雨批饭挥耳敢欢胜菜卖宝。文章：在那一刻我尽看到了以后，也相信了你说的即使再怎么难也不会丢下我、也不会放开我的手。那一刻我也相信了我和别人的不一样，我也相信了你说承诺那一刻的真诚，可一颗真心终究敌不过距离和时间的挑唆，最后我们的关系也就这样了！你也没主动找过我，我也没有主动找过你……我还是在原地等你，可你却就那样连一句道别也没有。我知道从熬夜回复信息开始你就在我的生活中打开了一条缺口，你走了这个缺口却在那里。这个缺口就是改变习惯、放弃自己、就是我给你的太在乎……就像有人说过：在几米的世界里，向左走，向右走，爱与错过，一步之遥；在现实生活里，信任与狗血，爱与恨，一步之遥。就是这一步之遥打开了我人生的缺口，你就是那个永远也填满不了的缺口，撕裂开的那一道道口子随着时间会有愈合的时候可那清晰可见的疤痕却也无法修补。\r\n-----第999段-1200S-399Z-4L-3d67974dV--c.sw.1.1\r\n本文由 单字、文章 组成","message_id":64273,"message_type":"group","post_type":"message","raw_message":"混合赛文日赛第603期-清凉爽口制作\r\n单字：肉层检玩晓责境州床夜硬铁摆省纪毒跳梅姓丽熟掉味简尚惊害斗句玉略河获攻洋亚征刘血雨批饭挥耳敢欢胜菜卖宝。文章：在那一刻我尽看到了以后，也相信了你说的即使再怎么难也不会丢下我、也不会放开我的手。那一刻我也相信了我和别人的不一样，我也相信了你说承诺那一刻的真诚，可一颗真心终究敌不过距离和时间的挑唆，最后我们的关系也就这样了！你也没主动找过我，我也没有主动找过你……我还是在原地等你，可你却就那样连一句道别也没有。我知道从熬夜回复信息开始你就在我的生活中打开了一条缺口，你走了这个缺口却在那里。这个缺口就是改变习惯、放弃自己、就是我给你的太在乎……就像有人说过：在几米的世界里，向左走，向右走，爱与错过，一步之遥；在现实生活里，信任与狗血，爱与恨，一步之遥。就是这一步之遥打开了我人生的缺口，你就是那个永远也填满不了的缺口，撕裂开的那一道道口子随着时间会有愈合的时候可那清晰可见的疤痕却也无法修补。\r\n-----第999段-1200S-399Z-4L-3d67974dV--c.sw.1.1\r\n本文由 单字、文章 组成","self_id":2997400528,"sender":{"age":6,"area":"北京","card":"","level":"小白","nickname":"小拆","role":"member","sex":"female","title":"","user_id":207938707},"sub_type":"normal","time":1563973040,"user_id":207938707}
[19-07-24 20:57:23] [PicqBotX] [DEBUG(java.lang.Thread.run:748)] 收到新请求: CQHttp/4.10.1
[19-07-24 20:57:23] [PicqBotX] [DEBUG(java.lang.Thread.run:748)] - 数据: {"anonymous":null,"font":8400232,"group_id":522394334,"message":"[CQ:image,file=5DC1B55A063B11A92BFFFC2E2EE7BE42.jpg,url=https://gchat.qpic.cn/gchatpic_new/412615370/522394334-3206578699-5DC1B55A063B11A92BFFFC2E2EE7BE42/0?vuin=2997400528&amp;term=2]","message_id":64274,"message_type":"group","post_type":"message","raw_message":"[CQ:image,file=5DC1B55A063B11A92BFFFC2E2EE7BE42.jpg]","self_id":2997400528,"sender":{"age":54,"area":"阿尔及利亚","card":"超级美男子-小兮码","level":"小白","nickname":"范爷","role":"owner","sex":"male","title":"","user_id":412615370},"sub_type":"normal","time":1563973043,"user_id":412615370}
[19-07-24 20:57:25] [PicqBotX] [DEBUG(java.lang.Thread.run:748)] 收到新请求: CQHttp/4.10.1
[19-07-24 20:57:25] [PicqBotX] [DEBUG(java.lang.Thread.run:748)] - 数据: {"anonymous":null,"font":8400040,"group_id":556981260,"message":"你那键位，我看了就晕","message_id":64275,"message_type":"group","post_type":"message","raw_message":"你那键位，我看了就晕","self_id":2997400528,"sender":{"age":1,"area":"广州","card":"无聊-小鹤全拼","level":"新日电动车","nickname":"无聊","role":"member","sex":"male","title":"","user_id":779855010},"sub_type":"normal","time":1563973045,"user_id":779855010}
[19-07-24 20:57:34] [PicqBotX] [DEBUG(java.lang.Thread.run:748)] 收到新请求: CQHttp/4.10.1
[19-07-24 20:57:34] [PicqBotX] [DEBUG(java.lang.Thread.run:748)] - 数据: {"anonymous":null,"font":8400296,"group_id":556981260,"message":"那个左右上下什么玩意…","message_id":64276,"message_type":"group","post_type":"message","raw_message":"那个左右上下什么玩意…","self_id":2997400528,"sender":{"age":1,"area":"广州","card":"无聊-小鹤全拼","level":"新日电动车","nickname":"无聊","role":"member","sex":"male","title":"","user_id":779855010},"sub_type":"normal","time":1563973054,"user_id":779855010}
[19-07-24 20:57:43] [PicqBotX] [DEBUG(java.lang.Thread.run:748)] 收到新请求: CQHttp/4.10.1
[19-07-24 20:57:43] [PicqBotX] [DEBUG(java.lang.Thread.run:748)] - 数据: {"anonymous":null,"font":8400232,"group_id":556981260,"message":"[CQ:at,qq=1078179677] allt键被你吃了？","message_id":64277,"message_type":"group","post_type":"message","raw_message":"[CQ:at,qq=1078179677] allt键被你吃了？","self_id":2997400528,"sender":{"age":0,"area":"","card":"天生我才最无用の白焕 - 小鹤音形","level":"新日电动车","nickname":"_白焕゛","role":"member","sex":"unknown","title":"","user_id":2524098743},"sub_type":"normal","time":1563973062,"user_id":2524098743}
[19-07-24 20:57:43] [PicqBotX] [DEBUG(java.lang.Thread.run:748)] 收到新请求: CQHttp/4.10.1
[19-07-24 20:57:43] [PicqBotX] [DEBUG(java.lang.Thread.run:748)] - 数据: {"anonymous":null,"font":8400232,"group_id":522394334,"message":"我们已经看见了","message_id":64278,"message_type":"group","post_type":"message","raw_message":"我们已经看见了","self_id":2997400528,"sender":{"age":7,"area":"","card":"初心-小鹤音形","level":"入门","nickname":"start over","role":"admin","sex":"female","title":"","user_id":2963900463},"sub_type":"normal","time":1563973063,"user_id":2963900463}
[19-07-24 20:57:43] [PicqBotX] [DEBUG(java.lang.Thread.run:748)] 收到新请求: CQHttp/4.10.1
[19-07-24 20:57:43] [PicqBotX] [DEBUG(java.lang.Thread.run:748)] - 数据: {"anonymous":null,"font":8400456,"group_id":556981260,"message":"习惯的力量是强大的","message_id":64279,"message_type":"group","post_type":"message","raw_message":"习惯的力量是强大的","self_id":2997400528,"sender":{"age":16,"area":"苏州","card":"聆竹听风-091","level":"死飞单车","nickname":"聆竹听风","role":"member","sex":"male","title":"","user_id":1144107042},"sub_type":"normal","time":1563973063,"user_id":1144107042}
[19-07-24 20:58:01] [PicqBotX] [DEBUG(java.lang.Thread.run:748)] 收到新请求: CQHttp/4.10.1
[19-07-24 20:58:01] [PicqBotX] [DEBUG(java.lang.Thread.run:748)] - 数据: {"anonymous":null,"font":8400296,"group_id":556981260,"message":"[CQ:at,qq=779855010] 编辑区啊","message_id":64280,"message_type":"group","post_type":"message","raw_message":"[CQ:at,qq=779855010] 编辑区啊","self_id":2997400528,"sender":{"age":25,"area":"","card":"利键—双拼","level":"五菱宏光","nickname":"神采飞扬","role":"member","sex":"male","title":"","user_id":1078179677},"sub_type":"normal","time":1563973081,"user_id":1078179677}
[19-07-24 20:58:06] [PicqBotX] [DEBUG(java.lang.Thread.run:748)] 收到新请求: CQHttp/4.10.1
[19-07-24 20:58:06] [PicqBotX] [DEBUG(java.lang.Thread.run:748)] - 数据: {"anonymous":null,"font":8400328,"group_id":556981260,"message":"左右还能接受。","message_id":64281,"message_type":"group","post_type":"message","raw_message":"左右还能接受。","self_id":2997400528,"sender":{"age":1,"area":"广州","card":"无聊-小鹤全拼","level":"新日电动车","nickname":"无聊","role":"member","sex":"male","title":"","user_id":779855010},"sub_type":"normal","time":1563973086,"user_id":779855010}
[19-07-24 20:58:07] [PicqBotX] [DEBUG(java.lang.Thread.run:748)] 收到新请求: CQHttp/4.10.1
[19-07-24 20:58:07] [PicqBotX] [DEBUG(java.lang.Thread.run:748)] - 数据: {"anonymous":null,"font":8400552,"group_id":522394334,"message":"[CQ:image,file=5B8C579E2FD89101173D157405DB2497.jpg,url=https://gchat.qpic.cn/gchatpic_new/412615370/522394334-2579942996-5B8C579E2FD89101173D157405DB2497/0?vuin=2997400528&amp;term=2]","message_id":64282,"message_type":"group","post_type":"message","raw_message":"[CQ:image,file=5B8C579E2FD89101173D157405DB2497.jpg]","self_id":2997400528,"sender":{"age":54,"area":"阿尔及利亚","card":"超级美男子-小兮码","level":"小白","nickname":"范爷","role":"owner","sex":"male","title":"","user_id":412615370},"sub_type":"normal","time":1563973087,"user_id":412615370}
[19-07-24 20:58:10] [PicqBotX] [DEBUG(java.lang.Thread.run:748)] 收到新请求: CQHttp/4.10.1
[19-07-24 20:58:10] [PicqBotX] [DEBUG(java.lang.Thread.run:748)] - 数据: {"anonymous":null,"font":8400520,"group_id":556981260,"message":"上下就。。","message_id":64283,"message_type":"group","post_type":"message","raw_message":"上下就。。","self_id":2997400528,"sender":{"age":1,"area":"广州","card":"无聊-小鹤全拼","level":"新日电动车","nickname":"无聊","role":"member","sex":"male","title":"","user_id":779855010},"sub_type":"normal","time":1563973090,"user_id":779855010}
[19-07-24 20:58:15] [PicqBotX] [DEBUG(java.lang.Thread.run:748)] 收到新请求: CQHttp/4.10.1
[19-07-24 20:58:15] [PicqBotX] [DEBUG(java.lang.Thread.run:748)] - 数据: {"anonymous":null,"font":8400136,"group_id":522394334,"message":"罚款","message_id":64284,"message_type":"group","post_type":"message","raw_message":"罚款","self_id":2997400528,"sender":{"age":7,"area":"","card":"初心-小鹤音形","level":"入门","nickname":"start over","role":"admin","sex":"female","title":"","user_id":2963900463},"sub_type":"normal","time":1563973095,"user_id":2963900463}
[19-07-24 20:58:25] [PicqBotX] [DEBUG(java.lang.Thread.run:748)] 收到新请求: CQHttp/4.10.1
[19-07-24 20:58:25] [PicqBotX] [DEBUG(java.lang.Thread.run:748)] - 数据: {"anonymous":null,"font":8400360,"group_id":556981260,"message":"我把编辑区去掉了，移动到了中间","message_id":64285,"message_type":"group","post_type":"message","raw_message":"我把编辑区去掉了，移动到了中间","self_id":2997400528,"sender":{"age":25,"area":"","card":"利键—双拼","level":"五菱宏光","nickname":"神采飞扬","role":"member","sex":"male","title":"","user_id":1078179677},"sub_type":"normal","time":1563973105,"user_id":1078179677}
[19-07-24 20:59:04] [PicqBotX] [DEBUG(java.lang.Thread.run:748)] 收到新请求: CQHttp/4.10.1
[19-07-24 20:59:04] [PicqBotX] [DEBUG(java.lang.Thread.run:748)] - 数据: {"anonymous":null,"font":8400520,"group_id":522394334,"message":"#","message_id":64286,"message_type":"group","post_type":"message","raw_message":"#","self_id":2997400528,"sender":{"age":22,"area":"济南","card":"阿金-E迅速录","level":"中级","nickname":"E迅阿金","role":"member","sex":"male","title":"","user_id":2623495687},"sub_type":"normal","time":1563973144,"user_id":2623495687}
[19-07-24 20:59:06] [PicqBotX] [DEBUG(java.lang.Thread.run:748)] 收到新请求: CQHttp/4.10.1
[19-07-24 20:59:06] [PicqBotX] [DEBUG(java.lang.Thread.run:748)] - 数据: {"anonymous":null,"font":8400136,"group_id":522394334,"message":"第999段 速度264.66 击键4.48 码长1.02 回改3 错字0 键数405 键准97.04% 字数399 &#91;关系也就这样了！&#93;9.82s 打词71(75.19%/5.08) 起步449.17/7.49/1.00 波动0.74 评分：[CQ:image,file=65C37DD6DC97FDF68AA2521C9173CB1D.png,url=https://gchat.qpic.cn/gchatpic_new/2623495687/522394334-3026228675-65C37DD6DC97FDF68AA2521C9173CB1D/0?vuin=2997400528&amp;term=2]  输入法：搜狗拼音 起打于20:57:52 个签：别跟我讨论意义，我也不跟你较劲 y16","message_id":64287,"message_type":"group","post_type":"message","raw_message":"第999段 速度264.66 击键4.48 码长1.02 回改3 错字0 键数405 键准97.04% 字数399 &#91;关系也就这样了！&#93;9.82s 打词71(75.19%/5.08) 起步449.17/7.49/1.00 波动0.74 评分：[CQ:image,file=65C37DD6DC97FDF68AA2521C9173CB1D.png]  输入法：搜狗拼音 起打于20:57:52 个签：别跟我讨论意义，我也不跟你较劲 y16","self_id":2997400528,"sender":{"age":22,"area":"济南","card":"阿金-E迅速录","level":"中级","nickname":"E迅阿金","role":"member","sex":"male","title":"","user_id":2623495687},"sub_type":"normal","time":1563973146,"user_id":2623495687}
[19-07-24 20:59:07] [PicqBotX] [DEBUG(java.lang.Thread.run:748)] 收到新请求: CQHttp/4.10.1
[19-07-24 20:59:07] [PicqBotX] [DEBUG(java.lang.Thread.run:748)] - 数据: {"anonymous":null,"font":8400456,"group_id":556981260,"message":"各个按键的压力都不同","message_id":64288,"message_type":"group","post_type":"message","raw_message":"各个按键的压力都不同","self_id":2997400528,"sender":{"age":0,"area":"","card":"天生我才最无用の白焕 - 小鹤音形","level":"新日电动车","nickname":"_白焕゛","role":"member","sex":"unknown","title":"","user_id":2524098743},"sub_type":"normal","time":1563973147,"user_id":2524098743}
[19-07-24 20:59:07] [PicqBotX] [DEBUG(java.lang.Thread.run:748)] 收到新请求: CQHttp/4.10.1
[19-07-24 20:59:07] [PicqBotX] [DEBUG(java.lang.Thread.run:748)] - 数据: {"anonymous":null,"font":8400104,"group_id":522394334,"message":"#成绩","message_id":64289,"message_type":"group","post_type":"message","raw_message":"#成绩","self_id":2997400528,"sender":{"age":22,"area":"济南","card":"阿金-E迅速录","level":"中级","nickname":"E迅阿金","role":"member","sex":"male","title":"","user_id":2623495687},"sub_type":"normal","time":1563973147,"user_id":2623495687}
[19-07-24 20:59:09] [PicqBotX] [DEBUG(java.lang.Thread.run:748)] 收到新请求: CQHttp/4.10.1
[19-07-24 20:59:09] [PicqBotX] [DEBUG(java.lang.Thread.run:748)] - 数据: {"anonymous":null,"font":8400552,"group_id":522394334,"message":"[CQ:image,file=0CA4BFD8D5653374E1FEDBD75C8A43FC.png,url=https://gchat.qpic.cn/gchatpic_new/207938707/522394334-2900470149-0CA4BFD8D5653374E1FEDBD75C8A43FC/0?vuin=2997400528&amp;term=2]","message_id":64290,"message_type":"group","post_type":"message","raw_message":"[CQ:image,file=0CA4BFD8D5653374E1FEDBD75C8A43FC.png]","self_id":2997400528,"sender":{"age":6,"area":"北京","card":"","level":"小白","nickname":"小拆","role":"member","sex":"female","title":"","user_id":207938707},"sub_type":"normal","time":1563973149,"user_id":207938707}
[19-07-24 20:59:12] [PicqBotX] [DEBUG(java.lang.Thread.run:748)] 收到新请求: CQHttp/4.10.1
[19-07-24 20:59:12] [PicqBotX] [DEBUG(java.lang.Thread.run:748)] - 数据: {"anonymous":null,"font":8400328,"group_id":556981260,"message":"你这个不行","message_id":64291,"message_type":"group","post_type":"message","raw_message":"你这个不行","self_id":2997400528,"sender":{"age":0,"area":"","card":"天生我才最无用の白焕 - 小鹤音形","level":"新日电动车","nickname":"_白焕゛","role":"member","sex":"unknown","title":"","user_id":2524098743},"sub_type":"normal","time":1563973152,"user_id":2524098743}
[19-07-24 20:59:28] [PicqBotX] [DEBUG(java.lang.Thread.run:748)] 收到新请求: CQHttp/4.10.1
[19-07-24 20:59:28] [PicqBotX] [DEBUG(java.lang.Thread.run:748)] - 数据: {"anonymous":null,"font":8400808,"group_id":723795668,"message":"#赛文","message_id":64292,"message_type":"group","post_type":"message","raw_message":"#赛文","self_id":2997400528,"sender":{"age":22,"area":"济南","card":"E迅速录阿金","level":"入门","nickname":"E迅阿金","role":"member","sex":"male","title":"","user_id":2623495687},"sub_type":"normal","time":1563973168,"user_id":2623495687}
[19-07-24 20:59:29] [PicqBotX] [DEBUG(java.lang.Thread.run:748)] 收到新请求: CQHttp/4.10.1
[19-07-24 20:59:29] [PicqBotX] [DEBUG(java.lang.Thread.run:748)] - 数据: {"anonymous":null,"font":8400136,"group_id":723795668,"message":"常用字前五百乱序日赛第380期-二花制作\r\n士度志一留后记系视而问在音见类林如准易听众管政学流节明心收由经办原文近代走个官友先意远被化举因集场工称步部院黄命战飞难达确随提议说又持片儿元单多布东北存热想微终制高内家曾能加光求极整有女老可爱找闻边通\r\n-----第999段-1200S-100Z-4L-13f68204V--c.sw.1.1\r\n本文由 常用字 组成","message_id":64293,"message_type":"group","post_type":"message","raw_message":"常用字前五百乱序日赛第380期-二花制作\r\n士度志一留后记系视而问在音见类林如准易听众管政学流节明心收由经办原文近代走个官友先意远被化举因集场工称步部院黄命战飞难达确随提议说又持片儿元单多布东北存热想微终制高内家曾能加光求极整有女老可爱找闻边通\r\n-----第999段-1200S-100Z-4L-13f68204V--c.sw.1.1\r\n本文由 常用字 组成","self_id":2997400528,"sender":{"age":6,"area":"北京","card":"","level":"小白","nickname":"小拆","role":"member","sex":"female","title":"","user_id":207938707},"sub_type":"normal","time":1563973169,"user_id":207938707}
[19-07-24 20:59:52] [PicqBotX] [DEBUG(java.lang.Thread.run:748)] 收到新请求: CQHttp/4.10.1
