[19-07-24 21:05:24] [PicqBotX] [INFO] 
[19-07-24 21:05:24] [PicqBotX] [INFO]     ____  _            ____        __ _  __
[19-07-24 21:05:24] [PicqBotX] [INFO]    / __ \(_)________ _/ __ )____  / /| |/ /
[19-07-24 21:05:24] [PicqBotX] [INFO]   / /_/ / / ___/ __ `/ __  / __ \/ __/   /
[19-07-24 21:05:24] [PicqBotX] [INFO]  / ____/ / /__/ /_/ / /_/ / /_/ / /_/   |
[19-07-24 21:05:24] [PicqBotX] [INFO] /_/   /_/\___/\__, /_____/\____/\__/_/|_|
[19-07-24 21:05:24] [PicqBotX] [INFO]                 /_/         v4.10.1.928
[19-07-24 21:05:24] [PicqBotX] [INFO] 日志管理器     初始化完成 [******] ...(29.12 ms)
[19-07-24 21:05:24] [PicqBotX] [INFO] 缓存管理器     初始化完成 [******] ...(1.9 ms)
[19-07-24 21:05:24] [PicqBotX] [INFO] DEBUG设置     初始化完成 [******] ...(0.01 ms)
[19-07-24 21:05:24] [PicqBotX] [INFO] 事件管理器     初始化完成 [******] ...(27.59 ms)
[19-07-24 21:05:24] [PicqBotX] [INFO] 账号管理器     初始化完成 [******] ...(0.97 ms)
[19-07-24 21:05:24] [PicqBotX] [INFO] HTTP监听服务器 初始化完成 [******] ...(1.81 ms)
[19-07-24 21:05:24] [PicqBotX] [INFO] 账号 Bot01:   版本验证完成!
[19-07-24 21:05:24] [PicqBotX] [INFO] 正在启动...
[19-07-24 21:05:28] [PicqBotX] [DEBUG(java.lang.Thread.run:748)] 收到新请求: CQHttp/4.10.1
[19-07-24 21:05:28] [PicqBotX] [DEBUG(java.lang.Thread.run:748)] - 数据: {"anonymous":null,"font":8400648,"group_id":556981260,"message":"协调一下手指压力","message_id":64384,"message_type":"group","post_type":"message","raw_message":"协调一下手指压力","self_id":2997400528,"sender":{"age":0,"area":"","card":"天生我才最无用の白焕 - 小鹤音形","level":"新日电动车","nickname":"_白焕゛","role":"member","sex":"unknown","title":"","user_id":2524098743},"sub_type":"normal","time":1563973528,"user_id":2524098743}
[19-07-24 21:05:42] [PicqBotX] [DEBUG(java.lang.Thread.run:748)] 收到新请求: CQHttp/4.10.1
[19-07-24 21:05:42] [PicqBotX] [DEBUG(java.lang.Thread.run:748)] - 数据: {"font":8400520,"message":"-启动","message_id":64385,"message_type":"private","post_type":"message","raw_message":"-启动","self_id":2997400528,"sender":{"age":22,"nickname":"过度","sex":"female","user_id":1061917700},"sub_type":"friend","time":1563973542,"user_id":1061917700}
[19-07-24 21:05:44] [PicqBotX] [DEBUG(java.lang.Thread.run:748)] 收到新请求: CQHttp/4.10.1
[19-07-24 21:05:44] [PicqBotX] [DEBUG(java.lang.Thread.run:748)] - 数据: {"font":8400808,"message":"#匹配","message_id":64387,"message_type":"private","post_type":"message","raw_message":"#匹配","self_id":2997400528,"sender":{"age":22,"nickname":"过度","sex":"female","user_id":1061917700},"sub_type":"friend","time":1563973544,"user_id":1061917700}
[19-07-24 21:05:49] [PicqBotX] [DEBUG(java.lang.Thread.run:748)] 收到新请求: CQHttp/4.10.1
[19-07-24 21:05:49] [PicqBotX] [DEBUG(java.lang.Thread.run:748)] - 数据: {"anonymous":null,"font":8400360,"group_id":556981260,"message":"用力","message_id":64389,"message_type":"group","post_type":"message","raw_message":"用力","self_id":2997400528,"sender":{"age":19,"area":"苏州","card":"眉间雪-E 迅","level":"小蹦哒","nickname":"眉间一丶雪","role":"member","sex":"female","title":"","user_id":1005997349},"sub_type":"normal","time":1563973549,"user_id":1005997349}
[19-07-24 21:05:51] [PicqBotX] [DEBUG(java.lang.Thread.run:748)] 收到新请求: CQHttp/4.10.1
[19-07-24 21:05:51] [PicqBotX] [DEBUG(java.lang.Thread.run:748)] - 数据: {"anonymous":null,"font":8400008,"group_id":556981260,"message":"弄出适合中文的布局 ，那我就喜欢你","message_id":64390,"message_type":"group","post_type":"message","raw_message":"弄出适合中文的布局 ，那我就喜欢你","self_id":2997400528,"sender":{"age":0,"area":"","card":"天生我才最无用の白焕 - 小鹤音形","level":"新日电动车","nickname":"_白焕゛","role":"member","sex":"unknown","title":"","user_id":2524098743},"sub_type":"normal","time":1563973551,"user_id":2524098743}
[19-07-24 21:05:54] [PicqBotX] [DEBUG(java.lang.Thread.run:748)] 收到新请求: CQHttp/4.10.1
[19-07-24 21:05:54] [PicqBotX] [DEBUG(java.lang.Thread.run:748)] - 数据: {"anonymous":null,"font":8400520,"group_id":556981260,"message":"[CQ:image,file=06402595957CE243C2FAF948C060F536.jpg,url=https://gchat.qpic.cn/gchatpic_new/2524098743/556981260-2837751891-06402595957CE243C2FAF948C060F536/0?vuin=2997400528&amp;term=2]","message_id":64391,"message_type":"group","post_type":"message","raw_message":"[CQ:image,file=06402595957CE243C2FAF948C060F536.jpg]","self_id":2997400528,"sender":{"age":0,"area":"","card":"天生我才最无用の白焕 - 小鹤音形","level":"新日电动车","nickname":"_白焕゛","role":"member","sex":"unknown","title":"","user_id":2524098743},"sub_type":"normal","time":1563973554,"user_id":2524098743}
[19-07-24 21:05:58] [PicqBotX] [DEBUG(java.lang.Thread.run:748)] 收到新请求: CQHttp/4.10.1
[19-07-24 21:05:58] [PicqBotX] [DEBUG(java.lang.Thread.run:748)] - 数据: {"font":8400360,"message":"546","message_id":64393,"message_type":"private","post_type":"message","raw_message":"546","self_id":2997400528,"sender":{"age":22,"nickname":"过度","sex":"female","user_id":1061917700},"sub_type":"friend","time":1563973558,"user_id":1061917700}
[19-07-24 21:06:08] [PicqBotX] [DEBUG(java.lang.Thread.run:748)] 收到新请求: CQHttp/4.10.1
[19-07-24 21:06:08] [PicqBotX] [DEBUG(java.lang.Thread.run:748)] - 数据: {"font":8400136,"message":"[CQ:image,file=47E2C419EF6174760E5E354FB0A87188.png,url=https://c2cpicdw.qpic.cn/offpic_new/1061917196//4fcc7a86-41be-4a23-aee3-9f32e504047a/0?vuin=2997400528&amp;term=2]","message_id":64394,"message_type":"private","post_type":"message","raw_message":"[CQ:image,file=47E2C419EF6174760E5E354FB0A87188.png]","self_id":2997400528,"sender":{"age":22,"nickname":"过度","sex":"female","user_id":1061917700},"sub_type":"friend","time":1563973568,"user_id":1061917700}
[19-07-24 21:06:13] [PicqBotX] [DEBUG(java.lang.Thread.run:748)] 收到新请求: CQHttp/4.10.1
[19-07-24 21:06:13] [PicqBotX] [DEBUG(java.lang.Thread.run:748)] - 数据: {"font":8400456,"message":"#退出","message_id":64395,"message_type":"private","post_type":"message","raw_message":"#退出","self_id":2997400528,"sender":{"age":22,"nickname":"过度","sex":"female","user_id":1061917700},"sub_type":"friend","time":1563973573,"user_id":1061917700}
[19-07-24 21:06:16] [PicqBotX] [DEBUG(java.lang.Thread.run:748)] 收到新请求: CQHttp/4.10.1
[19-07-24 21:06:16] [PicqBotX] [DEBUG(java.lang.Thread.run:748)] - 数据: {"font":8400776,"message":"#匹配","message_id":64397,"message_type":"private","post_type":"message","raw_message":"#匹配","self_id":2997400528,"sender":{"age":8,"nickname":"0 4 . 2 2","sex":"male","user_id":1061917196},"sub_type":"friend","time":1563973576,"user_id":1061917196}
[19-07-24 21:06:23] [PicqBotX] [DEBUG(java.lang.Thread.run:748)] 收到新请求: CQHttp/4.10.1
[19-07-24 21:06:23] [PicqBotX] [DEBUG(java.lang.Thread.run:748)] - 数据: {"font":8400808,"message":"#退出","message_id":64400,"message_type":"private","post_type":"message","raw_message":"#退出","self_id":2997400528,"sender":{"age":8,"nickname":"0 4 . 2 2","sex":"male","user_id":1061917196},"sub_type":"friend","time":1563973583,"user_id":1061917196}
[19-07-24 21:06:25] [PicqBotX] [DEBUG(java.lang.Thread.run:748)] 收到新请求: CQHttp/4.10.1
[19-07-24 21:06:25] [PicqBotX] [DEBUG(java.lang.Thread.run:748)] - 数据: {"font":8400936,"message":"#匹配","message_id":64402,"message_type":"private","post_type":"message","raw_message":"#匹配","self_id":2997400528,"sender":{"age":8,"nickname":"0 4 . 2 2","sex":"male","user_id":1061917196},"sub_type":"friend","time":1563973585,"user_id":1061917196}
[19-07-24 21:06:28] [PicqBotX] [DEBUG(java.lang.Thread.run:748)] 收到新请求: CQHttp/4.10.1
[19-07-24 21:06:28] [PicqBotX] [DEBUG(java.lang.Thread.run:748)] - 数据: {"font":8400808,"message":"？","message_id":64404,"message_type":"private","post_type":"message","raw_message":"？","self_id":2997400528,"sender":{"age":22,"nickname":"传话筒","sex":"male","user_id":1061917110},"sub_type":"friend","time":1563973588,"user_id":1061917110}
[19-07-24 21:06:31] [PicqBotX] [DEBUG(java.lang.Thread.run:748)] 收到新请求: CQHttp/4.10.1
[19-07-24 21:06:31] [PicqBotX] [DEBUG(java.lang.Thread.run:748)] - 数据: {"font":8400104,"message":"#匹配","message_id":64405,"message_type":"private","post_type":"message","raw_message":"#匹配","self_id":2997400528,"sender":{"age":22,"nickname":"传话筒","sex":"male","user_id":1061917110},"sub_type":"friend","time":1563973591,"user_id":1061917110}
[19-07-24 21:06:38] [PicqBotX] [DEBUG(java.lang.Thread.run:748)] 收到新请求: CQHttp/4.10.1
[19-07-24 21:06:38] [PicqBotX] [DEBUG(java.lang.Thread.run:748)] - 数据: {"font":8400808,"message":"#匹配","message_id":64407,"message_type":"private","post_type":"message","raw_message":"#匹配","self_id":2997400528,"sender":{"age":22,"nickname":"过度","sex":"female","user_id":1061917700},"sub_type":"friend","time":1563973598,"user_id":1061917700}
[19-07-24 21:06:44] [PicqBotX] [DEBUG(java.lang.Thread.run:748)] 收到新请求: CQHttp/4.10.1
[19-07-24 21:06:44] [PicqBotX] [DEBUG(java.lang.Thread.run:748)] - 数据: {"font":8400136,"message":"你好","message_id":64412,"message_type":"private","post_type":"message","raw_message":"你好","self_id":2997400528,"sender":{"age":22,"nickname":"传话筒","sex":"male","user_id":1061917110},"sub_type":"friend","time":1563973604,"user_id":1061917110}
[19-07-24 21:06:45] [PicqBotX] [DEBUG(java.lang.Thread.run:748)] 收到新请求: CQHttp/4.10.1
[19-07-24 21:06:45] [PicqBotX] [DEBUG(java.lang.Thread.run:748)] - 数据: {"font":8400456,"message":"#退出","message_id":64413,"message_type":"private","post_type":"message","raw_message":"#退出","self_id":2997400528,"sender":{"age":8,"nickname":"0 4 . 2 2","sex":"male","user_id":1061917196},"sub_type":"friend","time":1563973605,"user_id":1061917196}
[19-07-24 21:06:49] [PicqBotX] [DEBUG(java.lang.Thread.run:748)] 收到新请求: CQHttp/4.10.1
[19-07-24 21:06:49] [PicqBotX] [DEBUG(java.lang.Thread.run:748)] - 数据: {"anonymous":null,"font":8400232,"group_id":556981260,"message":"有乱序键盘吧","message_id":64416,"message_type":"group","post_type":"message","raw_message":"有乱序键盘吧","self_id":2997400528,"sender":{"age":27,"area":"武汉","card":"随心-小鹤音形","level":"小蹦哒","nickname":"№默☆伤♂","role":"member","sex":"male","title":"","user_id":1101721752},"sub_type":"normal","time":1563973609,"user_id":1101721752}
[19-07-24 21:06:49] [PicqBotX] [DEBUG(java.lang.Thread.run:748)] 收到新请求: CQHttp/4.10.1
[19-07-24 21:06:49] [PicqBotX] [DEBUG(java.lang.Thread.run:748)] - 数据: {"font":8400840,"message":"鸡龙在吗","message_id":64417,"message_type":"private","post_type":"message","raw_message":"鸡龙在吗","self_id":2997400528,"sender":{"age":22,"nickname":"传话筒","sex":"male","user_id":1061917110},"sub_type":"friend","time":1563973609,"user_id":1061917110}
[19-07-24 21:06:51] [PicqBotX] [DEBUG(java.lang.Thread.run:748)] 收到新请求: CQHttp/4.10.1
[19-07-24 21:06:51] [PicqBotX] [DEBUG(java.lang.Thread.run:748)] - 数据: {"anonymous":null,"font":8400904,"group_id":556981260,"message":"[CQ:at,qq=2524098743] 你说的这个，早就有人想好了，叫“dvork”布局，有兴趣自己去学，我可不想那么乱糟糟的","message_id":64418,"message_type":"group","post_type":"message","raw_message":"[CQ:at,qq=2524098743] 你说的这个，早就有人想好了，叫“dvork”布局，有兴趣自己去学，我可不想那么乱糟糟的","self_id":2997400528,"sender":{"age":25,"area":"","card":"利键—双拼","level":"五菱宏光","nickname":"神采飞扬","role":"member","sex":"male","title":"","user_id":1078179677},"sub_type":"normal","time":1563973611,"user_id":1078179677}
[19-07-24 21:06:51] [PicqBotX] [DEBUG(java.lang.Thread.run:748)] 收到新请求: CQHttp/4.10.1
[19-07-24 21:06:51] [PicqBotX] [DEBUG(java.lang.Thread.run:748)] - 数据: {"font":8400840,"message":"。。。","message_id":64419,"message_type":"private","post_type":"message","raw_message":"。。。","self_id":2997400528,"sender":{"age":22,"nickname":"传话筒","sex":"male","user_id":1061917110},"sub_type":"friend","time":1563973611,"user_id":1061917110}
[19-07-24 21:06:51] [PicqBotX] [DEBUG(java.lang.Thread.run:748)] 收到新请求: CQHttp/4.10.1
[19-07-24 21:06:51] [PicqBotX] [DEBUG(java.lang.Thread.run:748)] - 数据: {"font":8400328,"message":"kk","message_id":64420,"message_type":"private","post_type":"message","raw_message":"kk","self_id":2997400528,"sender":{"age":22,"nickname":"传话筒","sex":"male","user_id":1061917110},"sub_type":"friend","time":1563973611,"user_id":1061917110}
[19-07-24 21:06:54] [PicqBotX] [DEBUG(java.lang.Thread.run:748)] 收到新请求: CQHttp/4.10.1
[19-07-24 21:06:54] [PicqBotX] [DEBUG(java.lang.Thread.run:748)] - 数据: {"font":8400648,"message":"我考？","message_id":64421,"message_type":"private","post_type":"message","raw_message":"我考？","self_id":2997400528,"sender":{"age":22,"nickname":"传话筒","sex":"male","user_id":1061917110},"sub_type":"friend","time":1563973614,"user_id":1061917110}
[19-07-24 21:06:55] [PicqBotX] [DEBUG(java.lang.Thread.run:748)] 收到新请求: CQHttp/4.10.1
[19-07-24 21:06:55] [PicqBotX] [DEBUG(java.lang.Thread.run:748)] - 数据: {"anonymous":null,"font":8400168,"group_id":556981260,"message":"应该是适合全拼的吧","message_id":64422,"message_type":"group","post_type":"message","raw_message":"应该是适合全拼的吧","self_id":2997400528,"sender":{"age":27,"area":"武汉","card":"随心-小鹤音形","level":"小蹦哒","nickname":"№默☆伤♂","role":"member","sex":"male","title":"","user_id":1101721752},"sub_type":"normal","time":1563973615,"user_id":1101721752}
[19-07-24 21:06:56] [PicqBotX] [DEBUG(java.lang.Thread.run:748)] 收到新请求: CQHttp/4.10.1
[19-07-24 21:06:56] [PicqBotX] [DEBUG(java.lang.Thread.run:748)] - 数据: {"font":8400200,"message":"你是哪个。","message_id":64423,"message_type":"private","post_type":"message","raw_message":"你是哪个。","self_id":2997400528,"sender":{"age":22,"nickname":"传话筒","sex":"male","user_id":1061917110},"sub_type":"friend","time":1563973616,"user_id":1061917110}
[19-07-24 21:07:03] [PicqBotX] [DEBUG(java.lang.Thread.run:748)] 收到新请求: CQHttp/4.10.1
[19-07-24 21:07:03] [PicqBotX] [DEBUG(java.lang.Thread.run:748)] - 数据: {"anonymous":null,"font":8400840,"group_id":556981260,"message":"那是适合英文的吧","message_id":64424,"message_type":"group","post_type":"message","raw_message":"那是适合英文的吧","self_id":2997400528,"sender":{"age":1,"area":"阿拉伯联合酋长国","card":"圈-一九郑码","level":"五菱宏光","nickname":"圈","role":"member","sex":"male","title":"","user_id":1816436708},"sub_type":"normal","time":1563973623,"user_id":1816436708}
[19-07-24 21:07:07] [PicqBotX] [DEBUG(java.lang.Thread.run:748)] 收到新请求: CQHttp/4.10.1
[19-07-24 21:07:07] [PicqBotX] [DEBUG(java.lang.Thread.run:748)] - 数据: {"anonymous":null,"font":8400008,"group_id":556981260,"message":"那是适合英文的","message_id":64425,"message_type":"group","post_type":"message","raw_message":"那是适合英文的","self_id":2997400528,"sender":{"age":0,"area":"","card":"天生我才最无用の白焕 - 小鹤音形","level":"新日电动车","nickname":"_白焕゛","role":"member","sex":"unknown","title":"","user_id":2524098743},"sub_type":"normal","time":1563973627,"user_id":2524098743}
[19-07-24 21:07:11] [PicqBotX] [DEBUG(java.lang.Thread.run:748)] 收到新请求: CQHttp/4.10.1
[19-07-24 21:07:11] [PicqBotX] [DEBUG(java.lang.Thread.run:748)] - 数据: {"anonymous":null,"font":8400616,"group_id":556981260,"message":"[CQ:image,file=06402595957CE243C2FAF948C060F536.jpg,url=https://gchat.qpic.cn/gchatpic_new/2524098743/556981260-2837751891-06402595957CE243C2FAF948C060F536/0?vuin=2997400528&amp;term=2]","message_id":64426,"message_type":"group","post_type":"message","raw_message":"[CQ:image,file=06402595957CE243C2FAF948C060F536.jpg]","self_id":2997400528,"sender":{"age":0,"area":"","card":"天生我才最无用の白焕 - 小鹤音形","level":"新日电动车","nickname":"_白焕゛","role":"member","sex":"unknown","title":"","user_id":2524098743},"sub_type":"normal","time":1563973631,"user_id":2524098743}
[19-07-24 21:07:16] [PicqBotX] [DEBUG(java.lang.Thread.run:748)] 收到新请求: CQHttp/4.10.1
[19-07-24 21:07:16] [PicqBotX] [DEBUG(java.lang.Thread.run:748)] - 数据: {"anonymous":null,"font":8400552,"group_id":556981260,"message":"没有适合全拼的吗","message_id":64428,"message_type":"group","post_type":"message","raw_message":"没有适合全拼的吗","self_id":2997400528,"sender":{"age":27,"area":"武汉","card":"随心-小鹤音形","level":"小蹦哒","nickname":"№默☆伤♂","role":"member","sex":"male","title":"","user_id":1101721752},"sub_type":"normal","time":1563973636,"user_id":1101721752}
[19-07-24 21:07:20] [PicqBotX] [DEBUG(java.lang.Thread.run:748)] 收到新请求: CQHttp/4.10.1
[19-07-24 21:07:20] [PicqBotX] [DEBUG(java.lang.Thread.run:748)] - 数据: {"anonymous":null,"font":8400360,"group_id":556981260,"message":"中文的，好像有","message_id":64429,"message_type":"group","post_type":"message","raw_message":"中文的，好像有","self_id":2997400528,"sender":{"age":0,"area":"","card":"天生我才最无用の白焕 - 小鹤音形","level":"新日电动车","nickname":"_白焕゛","role":"member","sex":"unknown","title":"","user_id":2524098743},"sub_type":"normal","time":1563973640,"user_id":2524098743}
[19-07-24 21:07:27] [PicqBotX] [DEBUG(java.lang.Thread.run:748)] 收到新请求: CQHttp/4.10.1
[19-07-24 21:07:27] [PicqBotX] [DEBUG(java.lang.Thread.run:748)] - 数据: {"anonymous":null,"font":8400232,"group_id":556981260,"message":"qwer就挺适合的","message_id":64430,"message_type":"group","post_type":"message","raw_message":"qwer就挺适合的","self_id":2997400528,"sender":{"age":1,"area":"阿拉伯联合酋长国","card":"圈-一九郑码","level":"五菱宏光","nickname":"圈","role":"member","sex":"male","title":"","user_id":1816436708},"sub_type":"normal","time":1563973647,"user_id":1816436708}
[19-07-24 21:07:28] [PicqBotX] [DEBUG(java.lang.Thread.run:748)] 收到新请求: CQHttp/4.10.1
[19-07-24 21:07:28] [PicqBotX] [DEBUG(java.lang.Thread.run:748)] - 数据: {"anonymous":null,"font":8400488,"group_id":556981260,"message":"但是没推广","message_id":64431,"message_type":"group","post_type":"message","raw_message":"但是没推广","self_id":2997400528,"sender":{"age":0,"area":"","card":"天生我才最无用の白焕 - 小鹤音形","level":"新日电动车","nickname":"_白焕゛","role":"member","sex":"unknown","title":"","user_id":2524098743},"sub_type":"normal","time":1563973648,"user_id":2524098743}
[19-07-24 21:07:31] [PicqBotX] [DEBUG(java.lang.Thread.run:748)] 收到新请求: CQHttp/4.10.1
[19-07-24 21:07:31] [PicqBotX] [DEBUG(java.lang.Thread.run:748)] - 数据: {"anonymous":null,"font":8400904,"group_id":556981260,"message":"没什么别扭的","message_id":64432,"message_type":"group","post_type":"message","raw_message":"没什么别扭的","self_id":2997400528,"sender":{"age":1,"area":"阿拉伯联合酋长国","card":"圈-一九郑码","level":"五菱宏光","nickname":"圈","role":"member","sex":"male","title":"","user_id":1816436708},"sub_type":"normal","time":1563973651,"user_id":1816436708}
[19-07-24 21:07:34] [PicqBotX] [DEBUG(java.lang.Thread.run:748)] 收到新请求: CQHttp/4.10.1
[19-07-24 21:07:34] [PicqBotX] [DEBUG(java.lang.Thread.run:748)] - 数据: {"anonymous":null,"font":8400936,"group_id":556981260,"message":"qwer是习惯问题","message_id":64433,"message_type":"group","post_type":"message","raw_message":"qwer是习惯问题","self_id":2997400528,"sender":{"age":16,"area":"苏州","card":"聆竹听风-091","level":"死飞单车","nickname":"聆竹听风","role":"member","sex":"male","title":"","user_id":1144107042},"sub_type":"normal","time":1563973654,"user_id":1144107042}
[19-07-24 21:07:35] [PicqBotX] [DEBUG(java.lang.Thread.run:748)] 收到新请求: CQHttp/4.10.1
[19-07-24 21:07:35] [PicqBotX] [DEBUG(java.lang.Thread.run:748)] - 数据: {"anonymous":null,"font":8400456,"group_id":556981260,"message":"就是a有点偏","message_id":64434,"message_type":"group","post_type":"message","raw_message":"就是a有点偏","self_id":2997400528,"sender":{"age":1,"area":"阿拉伯联合酋长国","card":"圈-一九郑码","level":"五菱宏光","nickname":"圈","role":"member","sex":"male","title":"","user_id":1816436708},"sub_type":"normal","time":1563973655,"user_id":1816436708}
[19-07-24 21:07:50] [PicqBotX] [DEBUG(java.lang.Thread.run:748)] 收到新请求: CQHttp/4.10.1
[19-07-24 21:07:50] [PicqBotX] [DEBUG(java.lang.Thread.run:748)] - 数据: {"anonymous":null,"font":8400008,"group_id":556981260,"message":"基本都是左右互击","message_id":64435,"message_type":"group","post_type":"message","raw_message":"基本都是左右互击","self_id":2997400528,"sender":{"age":1,"area":"阿拉伯联合酋长国","card":"圈-一九郑码","level":"五菱宏光","nickname":"圈","role":"member","sex":"male","title":"","user_id":1816436708},"sub_type":"normal","time":1563973670,"user_id":1816436708}
[19-07-24 21:08:07] [PicqBotX] [DEBUG(java.lang.Thread.run:748)] 收到新请求: CQHttp/4.10.1
[19-07-24 21:08:07] [PicqBotX] [DEBUG(java.lang.Thread.run:748)] - 数据: {"font":8400680,"message":"。。。","message_id":64436,"message_type":"private","post_type":"message","raw_message":"。。。","self_id":2997400528,"sender":{"age":22,"nickname":"传话筒","sex":"male","user_id":1061917110},"sub_type":"friend","time":1563973687,"user_id":1061917110}
[19-07-24 21:08:08] [PicqBotX] [DEBUG(java.lang.Thread.run:748)] 收到新请求: CQHttp/4.10.1
[19-07-24 21:08:08] [PicqBotX] [DEBUG(java.lang.Thread.run:748)] - 数据: {"anonymous":null,"font":8400808,"group_id":556981260,"message":"这么多的打字方案都是用通用键盘键位优化的","message_id":64437,"message_type":"group","post_type":"message","raw_message":"这么多的打字方案都是用通用键盘键位优化的","self_id":2997400528,"sender":{"age":27,"area":"武汉","card":"随心-小鹤音形","level":"小蹦哒","nickname":"№默☆伤♂","role":"member","sex":"male","title":"","user_id":1101721752},"sub_type":"normal","time":1563973688,"user_id":1101721752}
[19-07-24 21:08:19] [PicqBotX] [DEBUG(java.lang.Thread.run:748)] 收到新请求: CQHttp/4.10.1
[19-07-24 21:08:19] [PicqBotX] [DEBUG(java.lang.Thread.run:748)] - 数据: {"anonymous":null,"font":8400232,"group_id":556981260,"message":"改了键位不一定好啊","message_id":64438,"message_type":"group","post_type":"message","raw_message":"改了键位不一定好啊","self_id":2997400528,"sender":{"age":27,"area":"武汉","card":"随心-小鹤音形","level":"小蹦哒","nickname":"№默☆伤♂","role":"member","sex":"male","title":"","user_id":1101721752},"sub_type":"normal","time":1563973699,"user_id":1101721752}
[19-07-24 21:08:22] [PicqBotX] [DEBUG(java.lang.Thread.run:748)] 收到新请求: CQHttp/4.10.1
[19-07-24 21:08:22] [PicqBotX] [DEBUG(java.lang.Thread.run:748)] - 数据: {"anonymous":null,"font":8400744,"group_id":556981260,"message":"当时qwer还是为了限制速度的2333","message_id":64439,"message_type":"group","post_type":"message","raw_message":"当时qwer还是为了限制速度的2333","self_id":2997400528,"sender":{"age":16,"area":"苏州","card":"聆竹听风-091","level":"死飞单车","nickname":"聆竹听风","role":"member","sex":"male","title":"","user_id":1144107042},"sub_type":"normal","time":1563973702,"user_id":1144107042}
[19-07-24 21:08:24] [PicqBotX] [DEBUG(java.lang.Thread.run:748)] 收到新请求: CQHttp/4.10.1
[19-07-24 21:08:24] [PicqBotX] [DEBUG(java.lang.Thread.run:748)] - 数据: {"anonymous":null,"font":8400520,"group_id":556981260,"message":"现在习惯了","message_id":64440,"message_type":"group","post_type":"message","raw_message":"现在习惯了","self_id":2997400528,"sender":{"age":16,"area":"苏州","card":"聆竹听风-091","level":"死飞单车","nickname":"聆竹听风","role":"member","sex":"male","title":"","user_id":1144107042},"sub_type":"normal","time":1563973704,"user_id":1144107042}
[19-07-24 21:08:29] [PicqBotX] [DEBUG(java.lang.Thread.run:748)] 收到新请求: CQHttp/4.10.1
[19-07-24 21:08:29] [PicqBotX] [DEBUG(java.lang.Thread.run:748)] - 数据: {"anonymous":null,"font":8400456,"group_id":556981260,"message":"所以就不改了","message_id":64441,"message_type":"group","post_type":"message","raw_message":"所以就不改了","self_id":2997400528,"sender":{"age":16,"area":"苏州","card":"聆竹听风-091","level":"死飞单车","nickname":"聆竹听风","role":"member","sex":"male","title":"","user_id":1144107042},"sub_type":"normal","time":1563973709,"user_id":1144107042}
[19-07-24 21:08:34] [PicqBotX] [DEBUG(java.lang.Thread.run:748)] 收到新请求: CQHttp/4.10.1
[19-07-24 21:08:34] [PicqBotX] [DEBUG(java.lang.Thread.run:748)] - 数据: {"anonymous":null,"font":8400136,"group_id":556981260,"message":"五笔什么键位都一样[CQ:face,id=178]","message_id":64442,"message_type":"group","post_type":"message","raw_message":"五笔什么键位都一样[CQ:face,id=178]","self_id":2997400528,"sender":{"age":1,"area":"阿拉伯联合酋长国","card":"圈-一九郑码","level":"五菱宏光","nickname":"圈","role":"member","sex":"male","title":"","user_id":1816436708},"sub_type":"normal","time":1563973714,"user_id":1816436708}
[19-07-24 21:08:52] [PicqBotX] [DEBUG(java.lang.Thread.run:748)] 收到新请求: CQHttp/4.10.1
[19-07-24 21:08:52] [PicqBotX] [DEBUG(java.lang.Thread.run:748)] - 数据: {"anonymous":null,"font":8400552,"group_id":556981260,"message":"确实","message_id":64443,"message_type":"group","post_type":"message","raw_message":"确实","self_id":2997400528,"sender":{"age":16,"area":"苏州","card":"聆竹听风-091","level":"死飞单车","nickname":"聆竹听风","role":"member","sex":"male","title":"","user_id":1144107042},"sub_type":"normal","time":1563973732,"user_id":1144107042}
[19-07-24 21:09:16] [PicqBotX] [DEBUG(java.lang.Thread.run:748)] 收到新请求: CQHttp/4.10.1
[19-07-24 21:09:16] [PicqBotX] [DEBUG(java.lang.Thread.run:748)] - 数据: {"anonymous":null,"font":8400456,"group_id":556981260,"message":"乱改改出大量别手按键怎么办","message_id":64444,"message_type":"group","post_type":"message","raw_message":"乱改改出大量别手按键怎么办","self_id":2997400528,"sender":{"age":27,"area":"武汉","card":"随心-小鹤音形","level":"小蹦哒","nickname":"№默☆伤♂","role":"member","sex":"male","title":"","user_id":1101721752},"sub_type":"normal","time":1563973756,"user_id":1101721752}
[19-07-24 21:09:21] [PicqBotX] [DEBUG(java.lang.Thread.run:748)] 收到新请求: CQHttp/4.10.1
[19-07-24 21:09:21] [PicqBotX] [DEBUG(java.lang.Thread.run:748)] - 数据: {"font":8400936,"message":"你好","message_id":64445,"message_type":"private","post_type":"message","raw_message":"你好","self_id":2997400528,"sender":{"age":22,"nickname":"传话筒","sex":"male","user_id":1061917110},"sub_type":"friend","time":1563973761,"user_id":1061917110}
[19-07-24 21:09:25] [PicqBotX] [DEBUG(java.lang.Thread.run:748)] 收到新请求: CQHttp/4.10.1
[19-07-24 21:09:25] [PicqBotX] [DEBUG(java.lang.Thread.run:748)] - 数据: {"font":8400744,"message":"鸡龙在吗","message_id":64446,"message_type":"private","post_type":"message","raw_message":"鸡龙在吗","self_id":2997400528,"sender":{"age":22,"nickname":"传话筒","sex":"male","user_id":1061917110},"sub_type":"friend","time":1563973765,"user_id":1061917110}
[19-07-24 21:09:43] [PicqBotX] [DEBUG(java.lang.Thread.run:748)] 收到新请求: CQHttp/4.10.1
[19-07-24 21:09:43] [PicqBotX] [DEBUG(java.lang.Thread.run:748)] - 数据: {"anonymous":null,"font":8400456,"group_id":556981260,"message":"[CQ:image,file=A67ECEC23D57E976436FE4B4CE700166.jpg,url=https://gchat.qpic.cn/gchatpic_new/1303242982/556981260-2514443720-A67ECEC23D57E976436FE4B4CE700166/0?vuin=2997400528&amp;term=2]","message_id":64447,"message_type":"group","post_type":"message","raw_message":"[CQ:image,file=A67ECEC23D57E976436FE4B4CE700166.jpg]","self_id":2997400528,"sender":{"age":23,"area":"阿尔及利亚","card":"seven-小鹤","level":"新日电动车","nickname":"seven","role":"member","sex":"male","title":"","user_id":1303242982},"sub_type":"normal","time":1563973783,"user_id":1303242982}
[19-07-24 21:09:43] [PicqBotX] [DEBUG(java.lang.Thread.run:748)] 收到新请求: CQHttp/4.10.1
[19-07-24 21:09:43] [PicqBotX] [DEBUG(java.lang.Thread.run:748)] - 数据: {"anonymous":null,"font":8400360,"group_id":556981260,"message":"利键别练速度了，专心折腾方案我觉得挺好","message_id":64448,"message_type":"group","post_type":"message","raw_message":"利键别练速度了，专心折腾方案我觉得挺好","self_id":2997400528,"sender":{"age":1,"area":"阿拉伯联合酋长国","card":"圈-一九郑码","level":"五菱宏光","nickname":"圈","role":"member","sex":"male","title":"","user_id":1816436708},"sub_type":"normal","time":1563973783,"user_id":1816436708}
[19-07-24 21:09:44] [PicqBotX] [DEBUG(java.lang.Thread.run:748)] 收到新请求: CQHttp/4.10.1
[19-07-24 21:09:44] [PicqBotX] [DEBUG(java.lang.Thread.run:748)] - 数据: {"font":8400552,"message":"的","message_id":64449,"message_type":"private","post_type":"message","raw_message":"的","self_id":2997400528,"sender":{"age":22,"nickname":"传话筒","sex":"male","user_id":1061917110},"sub_type":"friend","time":1563973784,"user_id":1061917110}
[19-07-24 21:09:44] [PicqBotX] [DEBUG(java.lang.Thread.run:748)] 收到新请求: CQHttp/4.10.1
[19-07-24 21:09:44] [PicqBotX] [DEBUG(java.lang.Thread.run:748)] - 数据: {"font":8400840,"message":"的","message_id":64450,"message_type":"private","post_type":"message","raw_message":"的","self_id":2997400528,"sender":{"age":22,"nickname":"传话筒","sex":"male","user_id":1061917110},"sub_type":"friend","time":1563973784,"user_id":1061917110}
[19-07-24 21:09:53] [PicqBotX] [DEBUG(java.lang.Thread.run:748)] 收到新请求: CQHttp/4.10.1
[19-07-24 21:09:53] [PicqBotX] [DEBUG(java.lang.Thread.run:748)] - 数据: {"font":8400296,"message":"#退出","message_id":64452,"message_type":"private","post_type":"message","raw_message":"#退出","self_id":2997400528,"sender":{"age":22,"nickname":"传话筒","sex":"male","user_id":1061917110},"sub_type":"friend","time":1563973793,"user_id":1061917110}
[19-07-24 21:10:07] [PicqBotX] [DEBUG(java.lang.Thread.run:748)] 收到新请求: CQHttp/4.10.1
[19-07-24 21:10:07] [PicqBotX] [DEBUG(java.lang.Thread.run:748)] - 数据: {"anonymous":null,"font":8400488,"group_id":556981260,"message":"速度是不练了，但一定要保持","message_id":64454,"message_type":"group","post_type":"message","raw_message":"速度是不练了，但一定要保持","self_id":2997400528,"sender":{"age":25,"area":"","card":"利键—双拼","level":"五菱宏光","nickname":"神采飞扬","role":"member","sex":"male","title":"","user_id":1078179677},"sub_type":"normal","time":1563973807,"user_id":1078179677}
[19-07-24 21:10:09] [PicqBotX] [DEBUG(java.lang.Thread.run:748)] 收到新请求: CQHttp/4.10.1
[19-07-24 21:10:09] [PicqBotX] [DEBUG(java.lang.Thread.run:748)] - 数据: {"anonymous":null,"font":8400296,"group_id":556981260,"message":"[CQ:image,file=627087B88C90C1A629CFEE8FBEF8808A.jpg,url=https://gchat.qpic.cn/gchatpic_new/2524098743/556981260-3162390683-627087B88C90C1A629CFEE8FBEF8808A/0?vuin=2997400528&amp;term=2]","message_id":64455,"message_type":"group","post_type":"message","raw_message":"[CQ:image,file=627087B88C90C1A629CFEE8FBEF8808A.jpg]","self_id":2997400528,"sender":{"age":0,"area":"","card":"天生我才最无用の白焕 - 小鹤音形","level":"新日电动车","nickname":"_白焕゛","role":"member","sex":"unknown","title":"","user_id":2524098743},"sub_type":"normal","time":1563973809,"user_id":2524098743}
[19-07-24 21:10:11] [PicqBotX] [DEBUG(java.lang.Thread.run:748)] 收到新请求: CQHttp/4.10.1
[19-07-24 21:10:11] [PicqBotX] [DEBUG(java.lang.Thread.run:748)] - 数据: {"anonymous":null,"font":8400840,"group_id":556981260,"message":"利剑不去发明个输入法可惜了","message_id":64456,"message_type":"group","post_type":"message","raw_message":"利剑不去发明个输入法可惜了","self_id":2997400528,"sender":{"age":23,"area":"阿尔及利亚","card":"seven-小鹤","level":"新日电动车","nickname":"seven","role":"member","sex":"male","title":"","user_id":1303242982},"sub_type":"normal","time":1563973811,"user_id":1303242982}
[19-07-24 21:10:20] [PicqBotX] [DEBUG(java.lang.Thread.run:748)] 收到新请求: CQHttp/4.10.1
[19-07-24 21:10:20] [PicqBotX] [DEBUG(java.lang.Thread.run:748)] - 数据: {"anonymous":null,"font":8400776,"group_id":556981260,"message":"[CQ:image,file=B5ABC2AEE09C89F79BB2766063CAEC03.jpg,url=https://gchat.qpic.cn/gchatpic_new/1137948935/556981260-3109488483-B5ABC2AEE09C89F79BB2766063CAEC03/0?vuin=2997400528&amp;term=2]","message_id":64457,"message_type":"group","post_type":"message","raw_message":"[CQ:image,file=B5ABC2AEE09C89F79BB2766063CAEC03.jpg]","self_id":2997400528,"sender":{"age":0,"area":"上海","card":"淡淡的徒弟小鲤鱼-亚伟","level":"死飞单车","nickname":"小鲤鱼","role":"admin","sex":"female","title":"","user_id":1957992261},"sub_type":"normal","time":1563973820,"user_id":1957992261}
[19-07-24 21:10:41] [PicqBotX] [DEBUG(java.lang.Thread.run:748)] 收到新请求: CQHttp/4.10.1
[19-07-24 21:10:41] [PicqBotX] [DEBUG(java.lang.Thread.run:748)] - 数据: {"anonymous":null,"font":8400424,"group_id":556981260,"message":"嘿嘿，嘿嘿嘿","message_id":64458,"message_type":"group","post_type":"message","raw_message":"嘿嘿，嘿嘿嘿","self_id":2997400528,"sender":{"age":0,"area":"石家庄","card":"加肥猫-二笔","level":"波音747","nickname":"明媚阳光","role":"member","sex":"male","title":"一个小蹦哒","user_id":523856782},"sub_type":"normal","time":1563973841,"user_id":523856782}
[19-07-24 21:10:50] [PicqBotX] [DEBUG(java.lang.Thread.run:748)] 收到新请求: CQHttp/4.10.1
[19-07-24 21:10:50] [PicqBotX] [DEBUG(java.lang.Thread.run:748)] - 数据: {"anonymous":null,"font":8400904,"group_id":556981260,"message":"沙雕辣条","message_id":64459,"message_type":"group","post_type":"message","raw_message":"沙雕辣条","self_id":2997400528,"sender":{"age":0,"area":"上海","card":"淡淡的徒弟小鲤鱼-亚伟","level":"死飞单车","nickname":"小鲤鱼","role":"admin","sex":"female","title":"","user_id":1957992261},"sub_type":"normal","time":1563973850,"user_id":1957992261}
[19-07-24 21:10:51] [PicqBotX] [DEBUG(java.lang.Thread.run:748)] 收到新请求: CQHttp/4.10.1
[19-07-24 21:10:51] [PicqBotX] [DEBUG(java.lang.Thread.run:748)] - 数据: {"anonymous":null,"font":8400936,"group_id":556981260,"message":"要是我能够有这样的机会，我一定要为全世界的少年儿童打字降低学习成本[CQ:face,id=178]","message_id":64460,"message_type":"group","post_type":"message","raw_message":"要是我能够有这样的机会，我一定要为全世界的少年儿童打字降低学习成本[CQ:face,id=178]","self_id":2997400528,"sender":{"age":25,"area":"","card":"利键—双拼","level":"五菱宏光","nickname":"神采飞扬","role":"member","sex":"male","title":"","user_id":1078179677},"sub_type":"normal","time":1563973851,"user_id":1078179677}
[19-07-24 21:10:59] [PicqBotX] [DEBUG(java.lang.Thread.run:748)] 收到新请求: CQHttp/4.10.1
[19-07-24 21:10:59] [PicqBotX] [DEBUG(java.lang.Thread.run:748)] - 数据: {"anonymous":null,"font":8400104,"group_id":556981260,"message":"这么多方案也没见有那种具有碾压优势的","message_id":64461,"message_type":"group","post_type":"message","raw_message":"这么多方案也没见有那种具有碾压优势的","self_id":2997400528,"sender":{"age":27,"area":"武汉","card":"随心-小鹤音形","level":"小蹦哒","nickname":"№默☆伤♂","role":"member","sex":"male","title":"","user_id":1101721752},"sub_type":"normal","time":1563973859,"user_id":1101721752}
[19-07-24 21:11:13] [PicqBotX] [DEBUG(java.lang.Thread.run:748)] 收到新请求: CQHttp/4.10.1
[19-07-24 21:11:13] [PicqBotX] [DEBUG(java.lang.Thread.run:748)] - 数据: {"anonymous":null,"font":8400584,"group_id":556981260,"message":"你的创意好的话 我帮你实现","message_id":64462,"message_type":"group","post_type":"message","raw_message":"你的创意好的话 我帮你实现","self_id":2997400528,"sender":{"age":23,"area":"阿尔及利亚","card":"seven-小鹤","level":"新日电动车","nickname":"seven","role":"member","sex":"male","title":"","user_id":1303242982},"sub_type":"normal","time":1563973873,"user_id":1303242982}
[19-07-24 21:11:18] [PicqBotX] [DEBUG(java.lang.Thread.run:748)] 收到新请求: CQHttp/4.10.1
[19-07-24 21:11:18] [PicqBotX] [DEBUG(java.lang.Thread.run:748)] - 数据: {"anonymous":null,"font":8400744,"group_id":556981260,"message":"全拼碾压劣势","message_id":64463,"message_type":"group","post_type":"message","raw_message":"全拼碾压劣势","self_id":2997400528,"sender":{"age":1,"area":"广州","card":"无聊-小鹤全拼","level":"新日电动车","nickname":"无聊","role":"member","sex":"male","title":"","user_id":779855010},"sub_type":"normal","time":1563973878,"user_id":779855010}
[19-07-24 21:11:26] [PicqBotX] [DEBUG(java.lang.Thread.run:748)] 收到新请求: CQHttp/4.10.1
[19-07-24 21:11:26] [PicqBotX] [DEBUG(java.lang.Thread.run:748)] - 数据: {"anonymous":null,"font":8400840,"group_id":556981260,"message":"全拼是被碾压吧","message_id":64464,"message_type":"group","post_type":"message","raw_message":"全拼是被碾压吧","self_id":2997400528,"sender":{"age":27,"area":"武汉","card":"随心-小鹤音形","level":"小蹦哒","nickname":"№默☆伤♂","role":"member","sex":"male","title":"","user_id":1101721752},"sub_type":"normal","time":1563973886,"user_id":1101721752}
[19-07-24 21:11:27] [PicqBotX] [DEBUG(java.lang.Thread.run:748)] 收到新请求: CQHttp/4.10.1
[19-07-24 21:11:27] [PicqBotX] [DEBUG(java.lang.Thread.run:748)] - 数据: {"anonymous":null,"font":8400008,"group_id":556981260,"message":"超过小鹤","message_id":64465,"message_type":"group","post_type":"message","raw_message":"超过小鹤","self_id":2997400528,"sender":{"age":23,"area":"阿尔及利亚","card":"seven-小鹤","level":"新日电动车","nickname":"seven","role":"member","sex":"male","title":"","user_id":1303242982},"sub_type":"normal","time":1563973887,"user_id":1303242982}
[19-07-24 21:11:33] [PicqBotX] [DEBUG(java.lang.Thread.run:748)] 收到新请求: CQHttp/4.10.1
[19-07-24 21:11:33] [PicqBotX] [DEBUG(java.lang.Thread.run:748)] - 数据: {"anonymous":null,"font":8400360,"group_id":556981260,"message":"[CQ:image,file=22C83F4D8A4C56DEC706D8B894B8DF84.jpg,url=https://gchat.qpic.cn/gchatpic_new/2524098743/556981260-2417562144-22C83F4D8A4C56DEC706D8B894B8DF84/0?vuin=2997400528&amp;term=2]","message_id":64466,"message_type":"group","post_type":"message","raw_message":"[CQ:image,file=22C83F4D8A4C56DEC706D8B894B8DF84.jpg]","self_id":2997400528,"sender":{"age":0,"area":"","card":"天生我才最无用の白焕 - 小鹤音形","level":"新日电动车","nickname":"_白焕゛","role":"member","sex":"unknown","title":"","user_id":2524098743},"sub_type":"normal","time":1563973893,"user_id":2524098743}
[19-07-24 21:11:52] [PicqBotX] [DEBUG(java.lang.Thread.run:748)] 收到新请求: CQHttp/4.10.1
[19-07-24 21:11:52] [PicqBotX] [DEBUG(java.lang.Thread.run:748)] - 数据: {"anonymous":null,"font":8400840,"group_id":556981260,"message":"这么牛逼，给我发明个女朋友呗、","message_id":64467,"message_type":"group","post_type":"message","raw_message":"这么牛逼，给我发明个女朋友呗、","self_id":2997400528,"sender":{"age":120,"area":"泽西岛","card":"赤练仙子一米七——搜狗纯双","level":"波音747","nickname":"白猫王子","role":"member","sex":"male","title":"","user_id":2370792076},"sub_type":"normal","time":1563973912,"user_id":2370792076}
[19-07-24 21:11:57] [PicqBotX] [DEBUG(java.lang.Thread.run:748)] 收到新请求: CQHttp/4.10.1
[19-07-24 21:11:57] [PicqBotX] [DEBUG(java.lang.Thread.run:748)] - 数据: {"anonymous":null,"font":8400168,"group_id":556981260,"message":"[CQ:image,file=6BFE942F9740CD0AA1EBC7C248A5D8CC.jpg,url=https://gchat.qpic.cn/gchatpic_new/1957992261/556981260-2228603968-6BFE942F9740CD0AA1EBC7C248A5D8CC/0?vuin=2997400528&amp;term=2]","message_id":64468,"message_type":"group","post_type":"message","raw_message":"[CQ:image,file=6BFE942F9740CD0AA1EBC7C248A5D8CC.jpg]","self_id":2997400528,"sender":{"age":0,"area":"上海","card":"淡淡的徒弟小鲤鱼-亚伟","level":"死飞单车","nickname":"小鲤鱼","role":"admin","sex":"female","title":"","user_id":1957992261},"sub_type":"normal","time":1563973917,"user_id":1957992261}
[19-07-24 21:12:24] [PicqBotX] [DEBUG(java.lang.Thread.run:748)] 收到新请求: CQHttp/4.10.1
[19-07-24 21:12:24] [PicqBotX] [DEBUG(java.lang.Thread.run:748)] - 数据: {"anonymous":null,"font":8400808,"group_id":556981260,"message":"https://www.docin.com/touch/detail.do?id=23672137","message_id":64469,"message_type":"group","post_type":"message","raw_message":"https://www.docin.com/touch/detail.do?id=23672137","self_id":2997400528,"sender":{"age":0,"area":"","card":"天生我才最无用の白焕 - 小鹤音形","level":"新日电动车","nickname":"_白焕゛","role":"member","sex":"unknown","title":"","user_id":2524098743},"sub_type":"normal","time":1563973944,"user_id":2524098743}
[19-07-24 21:12:24] [PicqBotX] [DEBUG(java.lang.Thread.run:748)] 收到新请求: CQHttp/4.10.1
[19-07-24 21:12:24] [PicqBotX] [DEBUG(java.lang.Thread.run:748)] - 数据: {"anonymous":null,"font":8400872,"group_id":556981260,"message":"赤练仙子","message_id":64470,"message_type":"group","post_type":"message","raw_message":"赤练仙子","self_id":2997400528,"sender":{"age":0,"area":"上海","card":"淡淡的徒弟小鲤鱼-亚伟","level":"死飞单车","nickname":"小鲤鱼","role":"admin","sex":"female","title":"","user_id":1957992261},"sub_type":"normal","time":1563973944,"user_id":1957992261}
[19-07-24 21:12:27] [PicqBotX] [DEBUG(java.lang.Thread.run:748)] 收到新请求: CQHttp/4.10.1
[19-07-24 21:12:27] [PicqBotX] [DEBUG(java.lang.Thread.run:748)] - 数据: {"anonymous":null,"font":8400552,"group_id":556981260,"message":"[CQ:face,id=182]","message_id":64471,"message_type":"group","post_type":"message","raw_message":"[CQ:face,id=182]","self_id":2997400528,"sender":{"age":16,"area":"苏州","card":"聆竹听风-091","level":"死飞单车","nickname":"聆竹听风","role":"member","sex":"male","title":"","user_id":1144107042},"sub_type":"normal","time":1563973947,"user_id":1144107042}
[19-07-24 21:12:30] [PicqBotX] [DEBUG(java.lang.Thread.run:748)] 收到新请求: CQHttp/4.10.1
[19-07-24 21:12:30] [PicqBotX] [DEBUG(java.lang.Thread.run:748)] - 数据: {"anonymous":null,"font":8400552,"group_id":556981260,"message":"你不是姐姐吗","message_id":64472,"message_type":"group","post_type":"message","raw_message":"你不是姐姐吗","self_id":2997400528,"sender":{"age":0,"area":"上海","card":"淡淡的徒弟小鲤鱼-亚伟","level":"死飞单车","nickname":"小鲤鱼","role":"admin","sex":"female","title":"","user_id":1957992261},"sub_type":"normal","time":1563973950,"user_id":1957992261}
[19-07-24 21:12:43] [PicqBotX] [DEBUG(java.lang.Thread.run:748)] 收到新请求: CQHttp/4.10.1
[19-07-24 21:12:43] [PicqBotX] [DEBUG(java.lang.Thread.run:748)] - 数据: {"anonymous":null,"font":8400904,"group_id":556981260,"message":"[CQ:at,qq=2524098743] 那个字母A放在中间，你准备分给左手还是右手呢[CQ:face,id=178]","message_id":64473,"message_type":"group","post_type":"message","raw_message":"[CQ:at,qq=2524098743] 那个字母A放在中间，你准备分给左手还是右手呢[CQ:face,id=178]","self_id":2997400528,"sender":{"age":25,"area":"","card":"利键—双拼","level":"五菱宏光","nickname":"神采飞扬","role":"member","sex":"male","title":"","user_id":1078179677},"sub_type":"normal","time":1563973963,"user_id":1078179677}
[19-07-24 21:13:07] [PicqBotX] [DEBUG(java.lang.Thread.run:748)] 收到新请求: CQHttp/4.10.1
[19-07-24 21:13:07] [PicqBotX] [DEBUG(java.lang.Thread.run:748)] - 数据: {"anonymous":null,"font":8400616,"group_id":556981260,"message":"很明显是左手、","message_id":64474,"message_type":"group","post_type":"message","raw_message":"很明显是左手、","self_id":2997400528,"sender":{"age":120,"area":"泽西岛","card":"赤练仙子一米七——搜狗纯双","level":"波音747","nickname":"白猫王子","role":"member","sex":"male","title":"","user_id":2370792076},"sub_type":"normal","time":1563973987,"user_id":2370792076}
[19-07-24 21:13:07] [PicqBotX] [DEBUG(java.lang.Thread.run:748)] 收到新请求: CQHttp/4.10.1
[19-07-24 21:13:07] [PicqBotX] [DEBUG(java.lang.Thread.run:748)] - 数据: {"anonymous":null,"font":8400296,"group_id":556981260,"message":"跟qwerty一样","message_id":64475,"message_type":"group","post_type":"message","raw_message":"跟qwerty一样","self_id":2997400528,"sender":{"age":0,"area":"","card":"天生我才最无用の白焕 - 小鹤音形","level":"新日电动车","nickname":"_白焕゛","role":"member","sex":"unknown","title":"","user_id":2524098743},"sub_type":"normal","time":1563973987,"user_id":2524098743}
[19-07-24 21:13:21] [PicqBotX] [DEBUG(java.lang.Thread.run:748)] 收到新请求: CQHttp/4.10.1
[19-07-24 21:13:21] [PicqBotX] [DEBUG(java.lang.Thread.run:748)] - 数据: {"anonymous":null,"font":8400872,"group_id":556981260,"message":"利键傻乎乎的","message_id":64476,"message_type":"group","post_type":"message","raw_message":"利键傻乎乎的","self_id":2997400528,"sender":{"age":0,"area":"","card":"天生我才最无用の白焕 - 小鹤音形","level":"新日电动车","nickname":"_白焕゛","role":"member","sex":"unknown","title":"","user_id":2524098743},"sub_type":"normal","time":1563974001,"user_id":2524098743}
[19-07-24 21:13:36] [PicqBotX] [DEBUG(java.lang.Thread.run:748)] 收到新请求: CQHttp/4.10.1
[19-07-24 21:13:36] [PicqBotX] [DEBUG(java.lang.Thread.run:748)] - 数据: {"anonymous":null,"font":8400872,"group_id":556981260,"message":"现今的普通键盘我已经为B键脑裂了无数次","message_id":64477,"message_type":"group","post_type":"message","raw_message":"现今的普通键盘我已经为B键脑裂了无数次","self_id":2997400528,"sender":{"age":25,"area":"","card":"利键—双拼","level":"五菱宏光","nickname":"神采飞扬","role":"member","sex":"male","title":"","user_id":1078179677},"sub_type":"normal","time":1563974016,"user_id":1078179677}
[19-07-24 21:13:43] [PicqBotX] [DEBUG(java.lang.Thread.run:748)] 收到新请求: CQHttp/4.10.1
[19-07-24 21:13:43] [PicqBotX] [DEBUG(java.lang.Thread.run:748)] - 数据: {"anonymous":null,"font":8400008,"group_id":556981260,"message":"j旁边有分号啊","message_id":64478,"message_type":"group","post_type":"message","raw_message":"j旁边有分号啊","self_id":2997400528,"sender":{"age":0,"area":"","card":"天生我才最无用の白焕 - 小鹤音形","level":"新日电动车","nickname":"_白焕゛","role":"member","sex":"unknown","title":"","user_id":2524098743},"sub_type":"normal","time":1563974023,"user_id":2524098743}
[19-07-24 21:13:48] [PicqBotX] [DEBUG(java.lang.Thread.run:748)] 收到新请求: CQHttp/4.10.1
[19-07-24 21:13:48] [PicqBotX] [DEBUG(java.lang.Thread.run:748)] - 数据: {"anonymous":null,"font":8400040,"group_id":556981260,"message":"[CQ:image,file=06402595957CE243C2FAF948C060F536.jpg,url=https://gchat.qpic.cn/gchatpic_new/2524098743/556981260-2837751891-06402595957CE243C2FAF948C060F536/0?vuin=2997400528&amp;term=2]","message_id":64479,"message_type":"group","post_type":"message","raw_message":"[CQ:image,file=06402595957CE243C2FAF948C060F536.jpg]","self_id":2997400528,"sender":{"age":0,"area":"","card":"天生我才最无用の白焕 - 小鹤音形","level":"新日电动车","nickname":"_白焕゛","role":"member","sex":"unknown","title":"","user_id":2524098743},"sub_type":"normal","time":1563974028,"user_id":2524098743}
[19-07-24 21:13:57] [PicqBotX] [DEBUG(java.lang.Thread.run:748)] 收到新请求: CQHttp/4.10.1
[19-07-24 21:13:57] [PicqBotX] [DEBUG(java.lang.Thread.run:748)] - 数据: {"anonymous":null,"font":8400456,"group_id":556981260,"message":"一直在纠结左还是右[CQ:face,id=174]","message_id":64480,"message_type":"group","post_type":"message","raw_message":"一直在纠结左还是右[CQ:face,id=174]","self_id":2997400528,"sender":{"age":25,"area":"","card":"利键—双拼","level":"五菱宏光","nickname":"神采飞扬","role":"member","sex":"male","title":"","user_id":1078179677},"sub_type":"normal","time":1563974037,"user_id":1078179677}
[19-07-24 21:14:17] [PicqBotX] [DEBUG(java.lang.Thread.run:748)] 收到新请求: CQHttp/4.10.1
[19-07-24 21:14:17] [PicqBotX] [DEBUG(java.lang.Thread.run:748)] - 数据: {"anonymous":null,"font":8400552,"group_id":556981260,"message":"先做个常用字1500与常用词3000的统计再讨论键位 才有说服力","message_id":64481,"message_type":"group","post_type":"message","raw_message":"先做个常用字1500与常用词3000的统计再讨论键位 才有说服力","self_id":2997400528,"sender":{"age":23,"area":"阿尔及利亚","card":"seven-小鹤","level":"新日电动车","nickname":"seven","role":"member","sex":"male","title":"","user_id":1303242982},"sub_type":"normal","time":1563974057,"user_id":1303242982}
[19-07-24 21:15:09] [PicqBotX] [DEBUG(java.lang.Thread.run:748)] 收到新请求: CQHttp/4.10.1
[19-07-24 21:15:09] [PicqBotX] [DEBUG(java.lang.Thread.run:748)] - 数据: {"anonymous":null,"font":8400488,"group_id":556981260,"message":"[CQ:at,qq=1303242982] https://www.docin.com/touch/detail.do?id=23672137这个看看","message_id":64482,"message_type":"group","post_type":"message","raw_message":"[CQ:at,qq=1303242982] https://www.docin.com/touch/detail.do?id=23672137这个看看","self_id":2997400528,"sender":{"age":0,"area":"","card":"天生我才最无用の白焕 - 小鹤音形","level":"新日电动车","nickname":"_白焕゛","role":"member","sex":"unknown","title":"","user_id":2524098743},"sub_type":"normal","time":1563974109,"user_id":2524098743}
[19-07-24 21:15:18] [PicqBotX] [DEBUG(java.lang.Thread.run:748)] 收到新请求: CQHttp/4.10.1
[19-07-24 21:15:18] [PicqBotX] [DEBUG(java.lang.Thread.run:748)] - 数据: {"anonymous":null,"font":8400424,"group_id":556981260,"message":"[CQ:image,file=3F1E3A0062506562E6136C6CA12E07B8.jpg,url=https://gchat.qpic.cn/gchatpic_new/2524098743/556981260-2178489103-3F1E3A0062506562E6136C6CA12E07B8/0?vuin=2997400528&amp;term=2]","message_id":64483,"message_type":"group","post_type":"message","raw_message":"[CQ:image,file=3F1E3A0062506562E6136C6CA12E07B8.jpg]","self_id":2997400528,"sender":{"age":0,"area":"","card":"天生我才最无用の白焕 - 小鹤音形","level":"新日电动车","nickname":"_白焕゛","role":"member","sex":"unknown","title":"","user_id":2524098743},"sub_type":"normal","time":1563974118,"user_id":2524098743}
[19-07-24 21:15:19] [PicqBotX] [DEBUG(java.lang.Thread.run:748)] 收到新请求: CQHttp/4.10.1
[19-07-24 21:15:19] [PicqBotX] [DEBUG(java.lang.Thread.run:748)] - 数据: {"anonymous":null,"font":8400200,"group_id":556981260,"message":"[CQ:image,file=70FD4139D326368D87FFBD1DFDB2C1F8.jpg,url=https://gchat.qpic.cn/gchatpic_new/2524098743/556981260-2660358282-70FD4139D326368D87FFBD1DFDB2C1F8/0?vuin=2997400528&amp;term=2]","message_id":64484,"message_type":"group","post_type":"message","raw_message":"[CQ:image,file=70FD4139D326368D87FFBD1DFDB2C1F8.jpg]","self_id":2997400528,"sender":{"age":0,"area":"","card":"天生我才最无用の白焕 - 小鹤音形","level":"新日电动车","nickname":"_白焕゛","role":"member","sex":"unknown","title":"","user_id":2524098743},"sub_type":"normal","time":1563974119,"user_id":2524098743}
[19-07-24 21:16:12] [PicqBotX] [DEBUG(java.lang.Thread.run:748)] 收到新请求: CQHttp/4.10.1
[19-07-24 21:16:12] [PicqBotX] [DEBUG(java.lang.Thread.run:748)] - 数据: {"anonymous":null,"font":8400072,"group_id":556981260,"message":"这样的事肯定有人去做了，这是不用经验讲的","message_id":64485,"message_type":"group","post_type":"message","raw_message":"这样的事肯定有人去做了，这是不用经验讲的","self_id":2997400528,"sender":{"age":0,"area":"","card":"天生我才最无用の白焕 - 小鹤音形","level":"新日电动车","nickname":"_白焕゛","role":"member","sex":"unknown","title":"","user_id":2524098743},"sub_type":"normal","time":1563974172,"user_id":2524098743}
[19-07-24 21:16:18] [PicqBotX] [DEBUG(java.lang.Thread.run:748)] 收到新请求: CQHttp/4.10.1
[19-07-24 21:16:18] [PicqBotX] [DEBUG(java.lang.Thread.run:748)] - 数据: {"anonymous":null,"font":8400520,"group_id":556981260,"message":"这样的事肯定有人去做了，这是不用讲的","message_id":64486,"message_type":"group","post_type":"message","raw_message":"这样的事肯定有人去做了，这是不用讲的","self_id":2997400528,"sender":{"age":0,"area":"","card":"天生我才最无用の白焕 - 小鹤音形","level":"新日电动车","nickname":"_白焕゛","role":"member","sex":"unknown","title":"","user_id":2524098743},"sub_type":"normal","time":1563974178,"user_id":2524098743}
[19-07-24 21:16:33] [PicqBotX] [DEBUG(java.lang.Thread.run:748)] 收到新请求: CQHttp/4.10.1
[19-07-24 21:16:33] [PicqBotX] [DEBUG(java.lang.Thread.run:748)] - 数据: {"anonymous":null,"font":8400904,"group_id":556981260,"message":"就是没推广起来","message_id":64487,"message_type":"group","post_type":"message","raw_message":"就是没推广起来","self_id":2997400528,"sender":{"age":0,"area":"","card":"天生我才最无用の白焕 - 小鹤音形","level":"新日电动车","nickname":"_白焕゛","role":"member","sex":"unknown","title":"","user_id":2524098743},"sub_type":"normal","time":1563974193,"user_id":2524098743}
[19-07-24 21:16:48] [PicqBotX] [DEBUG(java.lang.Thread.run:748)] 收到新请求: CQHttp/4.10.1
[19-07-24 21:16:48] [PicqBotX] [DEBUG(java.lang.Thread.run:748)] - 数据: {"anonymous":null,"font":8400136,"group_id":556981260,"message":"[CQ:at,qq=2524098743] 既然已经乱了，为什么不直接让它乱到底：直接把中间那排移到下面那一排不就更好分配了吗？","message_id":64488,"message_type":"group","post_type":"message","raw_message":"[CQ:at,qq=2524098743] 既然已经乱了，为什么不直接让它乱到底：直接把中间那排移到下面那一排不就更好分配了吗？","self_id":2997400528,"sender":{"age":25,"area":"","card":"利键—双拼","level":"五菱宏光","nickname":"神采飞扬","role":"member","sex":"male","title":"","user_id":1078179677},"sub_type":"normal","time":1563974208,"user_id":1078179677}
[19-07-24 21:16:56] [PicqBotX] [DEBUG(java.lang.Thread.run:748)] 收到新请求: CQHttp/4.10.1
[19-07-24 21:16:56] [PicqBotX] [DEBUG(java.lang.Thread.run:748)] - 数据: {"anonymous":null,"font":8400936,"group_id":556981260,"message":"这键盘是针对全拼吧？","message_id":64489,"message_type":"group","post_type":"message","raw_message":"这键盘是针对全拼吧？","self_id":2997400528,"sender":{"age":23,"area":"阿尔及利亚","card":"seven-小鹤","level":"新日电动车","nickname":"seven","role":"member","sex":"male","title":"","user_id":1303242982},"sub_type":"normal","time":1563974216,"user_id":1303242982}
[19-07-24 21:16:59] [PicqBotX] [DEBUG(java.lang.Thread.run:748)] 收到新请求: CQHttp/4.10.1
[19-07-24 21:16:59] [PicqBotX] [DEBUG(java.lang.Thread.run:748)] - 数据: {"anonymous":null,"font":8400552,"group_id":556981260,"message":"人就是懒","message_id":64490,"message_type":"group","post_type":"message","raw_message":"人就是懒","self_id":2997400528,"sender":{"age":0,"area":"","card":"天生我才最无用の白焕 - 小鹤音形","level":"新日电动车","nickname":"_白焕゛","role":"member","sex":"unknown","title":"","user_id":2524098743},"sub_type":"normal","time":1563974219,"user_id":2524098743}
[19-07-24 21:17:03] [PicqBotX] [DEBUG(java.lang.Thread.run:748)] 收到新请求: CQHttp/4.10.1
[19-07-24 21:17:03] [PicqBotX] [DEBUG(java.lang.Thread.run:748)] - 数据: {"anonymous":null,"font":8400648,"group_id":556981260,"message":"应该是的","message_id":64491,"message_type":"group","post_type":"message","raw_message":"应该是的","self_id":2997400528,"sender":{"age":0,"area":"","card":"天生我才最无用の白焕 - 小鹤音形","level":"新日电动车","nickname":"_白焕゛","role":"member","sex":"unknown","title":"","user_id":2524098743},"sub_type":"normal","time":1563974223,"user_id":2524098743}
[19-07-24 21:17:13] [PicqBotX] [DEBUG(java.lang.Thread.run:748)] 收到新请求: CQHttp/4.10.1
[19-07-24 21:17:13] [PicqBotX] [DEBUG(java.lang.Thread.run:748)] - 数据: {"anonymous":null,"font":8400456,"group_id":556981260,"message":"全拼和英文是","message_id":64492,"message_type":"group","post_type":"message","raw_message":"全拼和英文是","self_id":2997400528,"sender":{"age":0,"area":"","card":"天生我才最无用の白焕 - 小鹤音形","level":"新日电动车","nickname":"_白焕゛","role":"member","sex":"unknown","title":"","user_id":2524098743},"sub_type":"normal","time":1563974233,"user_id":2524098743}
[19-07-24 21:17:22] [PicqBotX] [DEBUG(java.lang.Thread.run:748)] 收到新请求: CQHttp/4.10.1
[19-07-24 21:17:22] [PicqBotX] [DEBUG(java.lang.Thread.run:748)] - 数据: {"anonymous":null,"font":8400520,"group_id":556981260,"message":"全拼和英文的","message_id":64493,"message_type":"group","post_type":"message","raw_message":"全拼和英文的","self_id":2997400528,"sender":{"age":0,"area":"","card":"天生我才最无用の白焕 - 小鹤音形","level":"新日电动车","nickname":"_白焕゛","role":"member","sex":"unknown","title":"","user_id":2524098743},"sub_type":"normal","time":1563974242,"user_id":2524098743}
[19-07-24 21:17:26] [PicqBotX] [DEBUG(java.lang.Thread.run:748)] 收到新请求: CQHttp/4.10.1
[19-07-24 21:17:26] [PicqBotX] [DEBUG(java.lang.Thread.run:748)] - 数据: {"anonymous":null,"font":8400200,"group_id":556981260,"message":"如果针对双拼岂不是更好","message_id":64494,"message_type":"group","post_type":"message","raw_message":"如果针对双拼岂不是更好","self_id":2997400528,"sender":{"age":23,"area":"阿尔及利亚","card":"seven-小鹤","level":"新日电动车","nickname":"seven","role":"member","sex":"male","title":"","user_id":1303242982},"sub_type":"normal","time":1563974246,"user_id":1303242982}
[19-07-24 21:17:41] [PicqBotX] [DEBUG(java.lang.Thread.run:748)] 收到新请求: CQHttp/4.10.1
[19-07-24 21:17:41] [PicqBotX] [DEBUG(java.lang.Thread.run:748)] - 数据: {"anonymous":null,"font":8400232,"group_id":556981260,"message":"用这个做","message_id":64495,"message_type":"group","post_type":"message","raw_message":"用这个做","self_id":2997400528,"sender":{"age":0,"area":"","card":"天生我才最无用の白焕 - 小鹤音形","level":"新日电动车","nickname":"_白焕゛","role":"member","sex":"unknown","title":"","user_id":2524098743},"sub_type":"normal","time":1563974261,"user_id":2524098743}
[19-07-24 21:17:46] [PicqBotX] [DEBUG(java.lang.Thread.run:748)] 收到新请求: CQHttp/4.10.1
[19-07-24 21:17:46] [PicqBotX] [DEBUG(java.lang.Thread.run:748)] - 数据: {"anonymous":null,"font":8400136,"group_id":556981260,"message":"声母的","message_id":64496,"message_type":"group","post_type":"message","raw_message":"声母的","self_id":2997400528,"sender":{"age":0,"area":"","card":"天生我才最无用の白焕 - 小鹤音形","level":"新日电动车","nickname":"_白焕゛","role":"member","sex":"unknown","title":"","user_id":2524098743},"sub_type":"normal","time":1563974266,"user_id":2524098743}
[19-07-24 21:17:55] [PicqBotX] [DEBUG(java.lang.Thread.run:748)] 收到新请求: CQHttp/4.10.1
[19-07-24 21:17:55] [PicqBotX] [DEBUG(java.lang.Thread.run:748)] - 数据: {"anonymous":null,"font":8400360,"group_id":556981260,"message":"韵母再分配","message_id":64497,"message_type":"group","post_type":"message","raw_message":"韵母再分配","self_id":2997400528,"sender":{"age":0,"area":"","card":"天生我才最无用の白焕 - 小鹤音形","level":"新日电动车","nickname":"_白焕゛","role":"member","sex":"unknown","title":"","user_id":2524098743},"sub_type":"normal","time":1563974275,"user_id":2524098743}
[19-07-24 21:18:01] [PicqBotX] [DEBUG(java.lang.Thread.run:748)] 收到新请求: CQHttp/4.10.1
[19-07-24 21:18:01] [PicqBotX] [DEBUG(java.lang.Thread.run:748)] - 数据: {"anonymous":null,"font":8400584,"group_id":556981260,"message":"就差不多了","message_id":64498,"message_type":"group","post_type":"message","raw_message":"就差不多了","self_id":2997400528,"sender":{"age":0,"area":"","card":"天生我才最无用の白焕 - 小鹤音形","level":"新日电动车","nickname":"_白焕゛","role":"member","sex":"unknown","title":"","user_id":2524098743},"sub_type":"normal","time":1563974281,"user_id":2524098743}
[19-07-24 21:18:07] [PicqBotX] [DEBUG(java.lang.Thread.run:748)] 收到新请求: CQHttp/4.10.1
[19-07-24 21:18:07] [PicqBotX] [DEBUG(java.lang.Thread.run:748)] - 数据: {"anonymous":null,"font":8400584,"group_id":556981260,"message":"为啥要针对双拼，让双拼针对现在的键位不就好了","message_id":64499,"message_type":"group","post_type":"message","raw_message":"为啥要针对双拼，让双拼针对现在的键位不就好了","self_id":2997400528,"sender":{"age":1,"area":"阿拉伯联合酋长国","card":"圈-一九郑码","level":"五菱宏光","nickname":"圈","role":"member","sex":"male","title":"","user_id":1816436708},"sub_type":"normal","time":1563974287,"user_id":1816436708}
[19-07-24 21:18:13] [PicqBotX] [DEBUG(java.lang.Thread.run:748)] 收到新请求: CQHttp/4.10.1
[19-07-24 21:18:13] [PicqBotX] [DEBUG(java.lang.Thread.run:748)] - 数据: {"anonymous":null,"font":8400648,"group_id":556981260,"message":"学习成本还少","message_id":64500,"message_type":"group","post_type":"message","raw_message":"学习成本还少","self_id":2997400528,"sender":{"age":1,"area":"阿拉伯联合酋长国","card":"圈-一九郑码","level":"五菱宏光","nickname":"圈","role":"member","sex":"male","title":"","user_id":1816436708},"sub_type":"normal","time":1563974293,"user_id":1816436708}
[19-07-24 21:18:18] [PicqBotX] [DEBUG(java.lang.Thread.run:748)] 收到新请求: CQHttp/4.10.1
[19-07-24 21:18:18] [PicqBotX] [DEBUG(java.lang.Thread.run:748)] - 数据: {"anonymous":null,"font":8400104,"group_id":556981260,"message":"声母的问题","message_id":64501,"message_type":"group","post_type":"message","raw_message":"声母的问题","self_id":2997400528,"sender":{"age":0,"area":"","card":"天生我才最无用の白焕 - 小鹤音形","level":"新日电动车","nickname":"_白焕゛","role":"member","sex":"unknown","title":"","user_id":2524098743},"sub_type":"normal","time":1563974298,"user_id":2524098743}
[19-07-24 21:18:20] [PicqBotX] [DEBUG(java.lang.Thread.run:748)] 收到新请求: CQHttp/4.10.1
[19-07-24 21:18:20] [PicqBotX] [DEBUG(java.lang.Thread.run:748)] - 数据: {"anonymous":null,"font":8400424,"group_id":556981260,"message":"改键盘肯定能提速  毕竟目前的键盘完全没考虑拼音","message_id":64502,"message_type":"group","post_type":"message","raw_message":"改键盘肯定能提速  毕竟目前的键盘完全没考虑拼音","self_id":2997400528,"sender":{"age":23,"area":"阿尔及利亚","card":"seven-小鹤","level":"新日电动车","nickname":"seven","role":"member","sex":"male","title":"","user_id":1303242982},"sub_type":"normal","time":1563974300,"user_id":1303242982}
[19-07-24 21:18:26] [PicqBotX] [DEBUG(java.lang.Thread.run:748)] 收到新请求: CQHttp/4.10.1
[19-07-24 21:18:26] [PicqBotX] [DEBUG(java.lang.Thread.run:748)] - 数据: {"anonymous":null,"font":8400936,"group_id":556981260,"message":"[CQ:image,file=B5ABC2AEE09C89F79BB2766063CAEC03.jpg,url=https://gchat.qpic.cn/gchatpic_new/1137948935/556981260-3109488483-B5ABC2AEE09C89F79BB2766063CAEC03/0?vuin=2997400528&amp;term=2]","message_id":64503,"message_type":"group","post_type":"message","raw_message":"[CQ:image,file=B5ABC2AEE09C89F79BB2766063CAEC03.jpg]","self_id":2997400528,"sender":{"age":0,"area":"上海","card":"淡淡的徒弟小鲤鱼-亚伟","level":"死飞单车","nickname":"小鲤鱼","role":"admin","sex":"female","title":"","user_id":1957992261},"sub_type":"normal","time":1563974306,"user_id":1957992261}
[19-07-24 21:18:41] [PicqBotX] [DEBUG(java.lang.Thread.run:748)] 收到新请求: CQHttp/4.10.1
[19-07-24 21:18:41] [PicqBotX] [DEBUG(java.lang.Thread.run:748)] - 数据: {"anonymous":null,"font":8400520,"group_id":556981260,"message":"用无刻键盘","message_id":64504,"message_type":"group","post_type":"message","raw_message":"用无刻键盘","self_id":2997400528,"sender":{"age":0,"area":"","card":"天生我才最无用の白焕 - 小鹤音形","level":"新日电动车","nickname":"_白焕゛","role":"member","sex":"unknown","title":"","user_id":2524098743},"sub_type":"normal","time":1563974321,"user_id":2524098743}
[19-07-24 21:18:44] [PicqBotX] [DEBUG(java.lang.Thread.run:748)] 收到新请求: CQHttp/4.10.1
[19-07-24 21:18:44] [PicqBotX] [DEBUG(java.lang.Thread.run:748)] - 数据: {"anonymous":null,"font":8400648,"group_id":556981260,"message":"其实根本不用改键盘  执行一个程序就行了","message_id":64505,"message_type":"group","post_type":"message","raw_message":"其实根本不用改键盘  执行一个程序就行了","self_id":2997400528,"sender":{"age":23,"area":"阿尔及利亚","card":"seven-小鹤","level":"新日电动车","nickname":"seven","role":"member","sex":"male","title":"","user_id":1303242982},"sub_type":"normal","time":1563974324,"user_id":1303242982}
[19-07-24 21:19:05] [PicqBotX] [DEBUG(java.lang.Thread.run:748)] 收到新请求: CQHttp/4.10.1
[19-07-24 21:19:05] [PicqBotX] [DEBUG(java.lang.Thread.run:748)] - 数据: {"anonymous":null,"font":8400424,"group_id":556981260,"message":"让程序来帮你改按下去的键","message_id":64506,"message_type":"group","post_type":"message","raw_message":"让程序来帮你改按下去的键","self_id":2997400528,"sender":{"age":23,"area":"阿尔及利亚","card":"seven-小鹤","level":"新日电动车","nickname":"seven","role":"member","sex":"male","title":"","user_id":1303242982},"sub_type":"normal","time":1563974345,"user_id":1303242982}
[19-07-24 21:19:17] [PicqBotX] [DEBUG(java.lang.Thread.run:748)] 收到新请求: CQHttp/4.10.1
[19-07-24 21:19:17] [PicqBotX] [DEBUG(java.lang.Thread.run:748)] - 数据: {"anonymous":null,"font":8400872,"group_id":556981260,"message":"这个键盘指的是，上面的内容","message_id":64507,"message_type":"group","post_type":"message","raw_message":"这个键盘指的是，上面的内容","self_id":2997400528,"sender":{"age":0,"area":"","card":"天生我才最无用の白焕 - 小鹤音形","level":"新日电动车","nickname":"_白焕゛","role":"member","sex":"unknown","title":"","user_id":2524098743},"sub_type":"normal","time":1563974357,"user_id":2524098743}
[19-07-24 21:19:28] [PicqBotX] [DEBUG(java.lang.Thread.run:748)] 收到新请求: CQHttp/4.10.1
[19-07-24 21:19:28] [PicqBotX] [DEBUG(java.lang.Thread.run:748)] - 数据: {"anonymous":null,"font":8400072,"group_id":556981260,"message":"嗯","message_id":64508,"message_type":"group","post_type":"message","raw_message":"嗯","self_id":2997400528,"sender":{"age":23,"area":"阿尔及利亚","card":"seven-小鹤","level":"新日电动车","nickname":"seven","role":"member","sex":"male","title":"","user_id":1303242982},"sub_type":"normal","time":1563974368,"user_id":1303242982}
[19-07-24 21:19:29] [PicqBotX] [DEBUG(java.lang.Thread.run:748)] 收到新请求: CQHttp/4.10.1
[19-07-24 21:19:29] [PicqBotX] [DEBUG(java.lang.Thread.run:748)] - 数据: {"anonymous":null,"font":8400840,"group_id":556981260,"message":"固体的，你都能定制","message_id":64509,"message_type":"group","post_type":"message","raw_message":"固体的，你都能定制","self_id":2997400528,"sender":{"age":0,"area":"","card":"天生我才最无用の白焕 - 小鹤音形","level":"新日电动车","nickname":"_白焕゛","role":"member","sex":"unknown","title":"","user_id":2524098743},"sub_type":"normal","time":1563974369,"user_id":2524098743}
[19-07-24 21:19:34] [PicqBotX] [DEBUG(java.lang.Thread.run:748)] 收到新请求: CQHttp/4.10.1
[19-07-24 21:19:34] [PicqBotX] [DEBUG(java.lang.Thread.run:748)] - 数据: {"anonymous":null,"font":8400776,"group_id":556981260,"message":"没什么问题","message_id":64510,"message_type":"group","post_type":"message","raw_message":"没什么问题","self_id":2997400528,"sender":{"age":0,"area":"","card":"天生我才最无用の白焕 - 小鹤音形","level":"新日电动车","nickname":"_白焕゛","role":"member","sex":"unknown","title":"","user_id":2524098743},"sub_type":"normal","time":1563974374,"user_id":2524098743}
[19-07-24 21:19:44] [PicqBotX] [DEBUG(java.lang.Thread.run:748)] 收到新请求: CQHttp/4.10.1
[19-07-24 21:19:44] [PicqBotX] [DEBUG(java.lang.Thread.run:748)] - 数据: {"anonymous":null,"font":8400680,"group_id":556981260,"message":"说的就是实际的分布","message_id":64511,"message_type":"group","post_type":"message","raw_message":"说的就是实际的分布","self_id":2997400528,"sender":{"age":0,"area":"","card":"天生我才最无用の白焕 - 小鹤音形","level":"新日电动车","nickname":"_白焕゛","role":"member","sex":"unknown","title":"","user_id":2524098743},"sub_type":"normal","time":1563974384,"user_id":2524098743}
[19-07-24 21:20:18] [PicqBotX] [DEBUG(java.lang.Thread.run:748)] 收到新请求: CQHttp/4.10.1
[19-07-24 21:20:18] [PicqBotX] [DEBUG(java.lang.Thread.run:748)] - 数据: {"anonymous":null,"font":8400136,"group_id":556981260,"message":"总结一个双拼的键盘出来就好了  可以试一试","message_id":64512,"message_type":"group","post_type":"message","raw_message":"总结一个双拼的键盘出来就好了  可以试一试","self_id":2997400528,"sender":{"age":23,"area":"阿尔及利亚","card":"seven-小鹤","level":"新日电动车","nickname":"seven","role":"member","sex":"male","title":"","user_id":1303242982},"sub_type":"normal","time":1563974418,"user_id":1303242982}
[19-07-24 21:20:27] [PicqBotX] [DEBUG(java.lang.Thread.run:748)] 收到新请求: CQHttp/4.10.1
[19-07-24 21:20:27] [PicqBotX] [DEBUG(java.lang.Thread.run:748)] - 数据: {"anonymous":null,"font":8400104,"group_id":556981260,"message":"#赛文","message_id":64513,"message_type":"group","post_type":"message","raw_message":"#赛文","self_id":2997400528,"sender":{"age":22,"area":"济南","card":"阿金-E迅速录","level":"新日电动车","nickname":"E迅阿金","role":"member","sex":"male","title":"","user_id":2623495687},"sub_type":"normal","time":1563974427,"user_id":2623495687}
[19-07-24 21:20:29] [PicqBotX] [DEBUG(java.lang.Thread.run:748)] 收到新请求: CQHttp/4.10.1
[19-07-24 21:20:29] [PicqBotX] [DEBUG(java.lang.Thread.run:748)] - 数据: {"anonymous":null,"font":8400552,"group_id":556981260,"message":"哲人的爱第1201期-聆竹听风制作\r\n平素写些小文章我是不起草稿的。但是为了写这几十个字，我却决定夜里到附近僻静的街道上长时间漫步，思索、酝酿。我想起了一位文豪类似这样意思的话：“当你把笔插进墨水瓶里的时候，如果不是蘸着自己的血来写的话，那就不要动笔。”那夜月色溶溶，柠檬桉雪白的树干显得十分高洁。月光透过凤凰木，洒落了一地斑驳的光点。长街寂寂，阒无一人，我来回踱步，一次、一次又一次。那具骷髅在我眼前冉冉腾起，我的想象使他还原为血肉之躯：他埋头在灯下研读，他屹立在讲坛上讲学，他以深邃的眼光凝视人群，毅然写下献出骨骼遗嘱的情景，历历如在目前。我虽不是教徒，却涌起一种教徒似的心情，渴望能够有个和神圣的魂魄对话的机会。我知道这位教授生前曾经受过政治上不公正的待遇，然而，“风暴压不断雄鹰的翅膀。”“异端待我，国土报之。”有人死了，还要造地宫，造金字塔，棺上要加内椁外椁，坟上还要盖巍峨建筑，死者仿佛撑开了棺盖，伸出手来喊道：“再给我东西！”有人死时，临终还拼尽力气，讲出这么一句话：“我想再奉献！”掠夺者和奉献者之间的距离，该是多么遥远！\r\n-----第999段-1200S-450Z-3L-5c6f0868V--c.sw.1.1","message_id":64514,"message_type":"group","post_type":"message","raw_message":"哲人的爱第1201期-聆竹听风制作\r\n平素写些小文章我是不起草稿的。但是为了写这几十个字，我却决定夜里到附近僻静的街道上长时间漫步，思索、酝酿。我想起了一位文豪类似这样意思的话：“当你把笔插进墨水瓶里的时候，如果不是蘸着自己的血来写的话，那就不要动笔。”那夜月色溶溶，柠檬桉雪白的树干显得十分高洁。月光透过凤凰木，洒落了一地斑驳的光点。长街寂寂，阒无一人，我来回踱步，一次、一次又一次。那具骷髅在我眼前冉冉腾起，我的想象使他还原为血肉之躯：他埋头在灯下研读，他屹立在讲坛上讲学，他以深邃的眼光凝视人群，毅然写下献出骨骼遗嘱的情景，历历如在目前。我虽不是教徒，却涌起一种教徒似的心情，渴望能够有个和神圣的魂魄对话的机会。我知道这位教授生前曾经受过政治上不公正的待遇，然而，“风暴压不断雄鹰的翅膀。”“异端待我，国土报之。”有人死了，还要造地宫，造金字塔，棺上要加内椁外椁，坟上还要盖巍峨建筑，死者仿佛撑开了棺盖，伸出手来喊道：“再给我东西！”有人死时，临终还拼尽力气，讲出这么一句话：“我想再奉献！”掠夺者和奉献者之间的距离，该是多么遥远！\r\n-----第999段-1200S-450Z-3L-5c6f0868V--c.sw.1.1","self_id":2997400528,"sender":{"age":6,"area":"北京","card":"","level":"波音747","nickname":"小拆","role":"admin","sex":"female","title":"","user_id":207938707},"sub_type":"normal","time":1563974429,"user_id":207938707}
[19-07-24 21:20:45] [PicqBotX] [DEBUG(java.lang.Thread.run:748)] 收到新请求: CQHttp/4.10.1
[19-07-24 21:20:45] [PicqBotX] [DEBUG(java.lang.Thread.run:748)] - 数据: {"anonymous":null,"font":8400136,"group_id":556981260,"message":"[CQ:image,file=463FCB8665677E7A2986143BA159D0AA.gif,url=https://gchat.qpic.cn/gchatpic_new/2524098743/556981260-2248383662-463FCB8665677E7A2986143BA159D0AA/0?vuin=2997400528&amp;term=2]","message_id":64515,"message_type":"group","post_type":"message","raw_message":"[CQ:image,file=463FCB8665677E7A2986143BA159D0AA.gif]","self_id":2997400528,"sender":{"age":0,"area":"","card":"天生我才最无用の白焕 - 小鹤音形","level":"新日电动车","nickname":"_白焕゛","role":"member","sex":"unknown","title":"","user_id":2524098743},"sub_type":"normal","time":1563974445,"user_id":2524098743}
[19-07-24 21:21:07] [PicqBotX] [DEBUG(java.lang.Thread.run:748)] 收到新请求: CQHttp/4.10.1
[19-07-24 21:21:07] [PicqBotX] [DEBUG(java.lang.Thread.run:748)] - 数据: {"anonymous":null,"font":8400424,"group_id":556981260,"message":"[CQ:at,qq=1303242982] 其实没太大的必要","message_id":64516,"message_type":"group","post_type":"message","raw_message":"[CQ:at,qq=1303242982] 其实没太大的必要","self_id":2997400528,"sender":{"age":0,"area":"","card":"天生我才最无用の白焕 - 小鹤音形","level":"新日电动车","nickname":"_白焕゛","role":"member","sex":"unknown","title":"","user_id":2524098743},"sub_type":"normal","time":1563974467,"user_id":2524098743}
[19-07-24 21:22:29] [PicqBotX] [DEBUG(java.lang.Thread.run:748)] 收到新请求: CQHttp/4.10.1
[19-07-24 21:22:29] [PicqBotX] [DEBUG(java.lang.Thread.run:748)] - 数据: {"anonymous":null,"font":8400552,"group_id":556981260,"message":"第999段 速度236.85 击键4.07 码长1.03 回改7 错字0 键数464 键准93.1% 字数450 &#91;公正的&#93;6.34s 打词87(67.33%/4.41) 起步244.88/4.08/1.00 波动0.40 评分：[CQ:image,file=6EC0237BD91B7552638E4F463774F6AF.png,url=https://gchat.qpic.cn/gchatpic_new/2623495687/556981260-2779186787-6EC0237BD91B7552638E4F463774F6AF/0?vuin=2997400528&amp;term=2]  输入法：搜狗拼音 起打于21:20:58 个签：别跟我讨论意义，我也不跟你较劲 y16","message_id":64517,"message_type":"group","post_type":"message","raw_message":"第999段 速度236.85 击键4.07 码长1.03 回改7 错字0 键数464 键准93.1% 字数450 &#91;公正的&#93;6.34s 打词87(67.33%/4.41) 起步244.88/4.08/1.00 波动0.40 评分：[CQ:image,file=6EC0237BD91B7552638E4F463774F6AF.png]  输入法：搜狗拼音 起打于21:20:58 个签：别跟我讨论意义，我也不跟你较劲 y16","self_id":2997400528,"sender":{"age":22,"area":"济南","card":"阿金-E迅速录","level":"新日电动车","nickname":"E迅阿金","role":"member","sex":"male","title":"","user_id":2623495687},"sub_type":"normal","time":1563974549,"user_id":2623495687}
[19-07-24 21:22:32] [PicqBotX] [DEBUG(java.lang.Thread.run:748)] 收到新请求: CQHttp/4.10.1
[19-07-24 21:22:32] [PicqBotX] [DEBUG(java.lang.Thread.run:748)] - 数据: {"anonymous":null,"font":8400488,"group_id":556981260,"message":"#成绩","message_id":64518,"message_type":"group","post_type":"message","raw_message":"#成绩","self_id":2997400528,"sender":{"age":22,"area":"济南","card":"阿金-E迅速录","level":"新日电动车","nickname":"E迅阿金","role":"member","sex":"male","title":"","user_id":2623495687},"sub_type":"normal","time":1563974552,"user_id":2623495687}
[19-07-24 21:22:34] [PicqBotX] [DEBUG(java.lang.Thread.run:748)] 收到新请求: CQHttp/4.10.1
[19-07-24 21:22:34] [PicqBotX] [DEBUG(java.lang.Thread.run:748)] - 数据: {"anonymous":null,"font":8400904,"group_id":556981260,"message":"[CQ:image,file=4AB67C54D54F7896713AA8401F52260A.png,url=https://gchat.qpic.cn/gchatpic_new/207938707/556981260-2907066930-4AB67C54D54F7896713AA8401F52260A/0?vuin=2997400528&amp;term=2]","message_id":64519,"message_type":"group","post_type":"message","raw_message":"[CQ:image,file=4AB67C54D54F7896713AA8401F52260A.png]","self_id":2997400528,"sender":{"age":6,"area":"北京","card":"","level":"波音747","nickname":"小拆","role":"admin","sex":"female","title":"","user_id":207938707},"sub_type":"normal","time":1563974554,"user_id":207938707}
[19-07-24 21:22:37] [PicqBotX] [DEBUG(java.lang.Thread.run:748)] 收到新请求: CQHttp/4.10.1
[19-07-24 21:22:37] [PicqBotX] [DEBUG(java.lang.Thread.run:748)] - 数据: {"anonymous":null,"font":8400776,"group_id":556981260,"message":"是因为现在双拼已经考虑这点了吗","message_id":64520,"message_type":"group","post_type":"message","raw_message":"是因为现在双拼已经考虑这点了吗","self_id":2997400528,"sender":{"age":23,"area":"阿尔及利亚","card":"seven-小鹤","level":"新日电动车","nickname":"seven","role":"member","sex":"male","title":"","user_id":1303242982},"sub_type":"normal","time":1563974557,"user_id":1303242982}
[19-07-24 21:23:09] [PicqBotX] [DEBUG(java.lang.Thread.run:748)] 收到新请求: CQHttp/4.10.1
[19-07-24 21:23:09] [PicqBotX] [DEBUG(java.lang.Thread.run:748)] - 数据: {"anonymous":null,"font":8400008,"group_id":556981260,"message":"嗯，区别不大的","message_id":64521,"message_type":"group","post_type":"message","raw_message":"嗯，区别不大的","self_id":2997400528,"sender":{"age":0,"area":"","card":"天生我才最无用の白焕 - 小鹤音形","level":"新日电动车","nickname":"_白焕゛","role":"member","sex":"unknown","title":"","user_id":2524098743},"sub_type":"normal","time":1563974589,"user_id":2524098743}
[19-07-24 21:23:23] [PicqBotX] [DEBUG(java.lang.Thread.run:748)] 收到新请求: CQHttp/4.10.1
[19-07-24 21:23:23] [PicqBotX] [DEBUG(java.lang.Thread.run:748)] - 数据: {"anonymous":null,"font":8400712,"group_id":556981260,"message":"当然，有兴趣可以试试","message_id":64522,"message_type":"group","post_type":"message","raw_message":"当然，有兴趣可以试试","self_id":2997400528,"sender":{"age":0,"area":"","card":"天生我才最无用の白焕 - 小鹤音形","level":"新日电动车","nickname":"_白焕゛","role":"member","sex":"unknown","title":"","user_id":2524098743},"sub_type":"normal","time":1563974603,"user_id":2524098743}
[19-07-24 21:23:45] [PicqBotX] [DEBUG(java.lang.Thread.run:748)] 收到新请求: CQHttp/4.10.1
[19-07-24 21:23:45] [PicqBotX] [DEBUG(java.lang.Thread.run:748)] - 数据: {"anonymous":null,"font":8400456,"group_id":556981260,"message":"但是，你就要做好你自己用的准备","message_id":64523,"message_type":"group","post_type":"message","raw_message":"但是，你就要做好你自己用的准备","self_id":2997400528,"sender":{"age":0,"area":"","card":"天生我才最无用の白焕 - 小鹤音形","level":"新日电动车","nickname":"_白焕゛","role":"member","sex":"unknown","title":"","user_id":2524098743},"sub_type":"normal","time":1563974625,"user_id":2524098743}
[19-07-24 21:23:52] [PicqBotX] [DEBUG(java.lang.Thread.run:748)] 收到新请求: CQHttp/4.10.1
[19-07-24 21:23:52] [PicqBotX] [DEBUG(java.lang.Thread.run:748)] - 数据: {"anonymous":null,"font":8400296,"group_id":556981260,"message":"没几个人愿意换的","message_id":64524,"message_type":"group","post_type":"message","raw_message":"没几个人愿意换的","self_id":2997400528,"sender":{"age":0,"area":"","card":"天生我才最无用の白焕 - 小鹤音形","level":"新日电动车","nickname":"_白焕゛","role":"member","sex":"unknown","title":"","user_id":2524098743},"sub_type":"normal","time":1563974632,"user_id":2524098743}
[19-07-24 21:23:56] [PicqBotX] [DEBUG(java.lang.Thread.run:748)] 收到新请求: CQHttp/4.10.1
[19-07-24 21:23:56] [PicqBotX] [DEBUG(java.lang.Thread.run:748)] - 数据: {"anonymous":null,"font":8400680,"group_id":556981260,"message":"完全没兴趣","message_id":64525,"message_type":"group","post_type":"message","raw_message":"完全没兴趣","self_id":2997400528,"sender":{"age":23,"area":"阿尔及利亚","card":"seven-小鹤","level":"新日电动车","nickname":"seven","role":"member","sex":"male","title":"","user_id":1303242982},"sub_type":"normal","time":1563974636,"user_id":1303242982}
[19-07-24 21:24:03] [PicqBotX] [DEBUG(java.lang.Thread.run:748)] 收到新请求: CQHttp/4.10.1
[19-07-24 21:24:03] [PicqBotX] [DEBUG(java.lang.Thread.run:748)] - 数据: {"anonymous":null,"font":8400552,"group_id":556981260,"message":"[CQ:bface,id=5060A108D7B47CDA2CD64262454DBD54,p=10459]","message_id":64526,"message_type":"group","post_type":"message","raw_message":"[CQ:bface,p=10459,id=5060A108D7B47CDA2CD64262454DBD54]","self_id":2997400528,"sender":{"age":23,"area":"阿尔及利亚","card":"seven-小鹤","level":"新日电动车","nickname":"seven","role":"member","sex":"male","title":"","user_id":1303242982},"sub_type":"normal","time":1563974643,"user_id":1303242982}
[19-07-24 21:24:14] [PicqBotX] [DEBUG(java.lang.Thread.run:748)] 收到新请求: CQHttp/4.10.1
[19-07-24 21:24:14] [PicqBotX] [DEBUG(java.lang.Thread.run:748)] - 数据: {"anonymous":null,"font":8400424,"group_id":556981260,"message":"懒的要死","message_id":64527,"message_type":"group","post_type":"message","raw_message":"懒的要死","self_id":2997400528,"sender":{"age":0,"area":"","card":"天生我才最无用の白焕 - 小鹤音形","level":"新日电动车","nickname":"_白焕゛","role":"member","sex":"unknown","title":"","user_id":2524098743},"sub_type":"normal","time":1563974654,"user_id":2524098743}
[19-07-24 21:24:34] [PicqBotX] [DEBUG(java.lang.Thread.run:748)] 收到新请求: CQHttp/4.10.1
[19-07-24 21:24:34] [PicqBotX] [DEBUG(java.lang.Thread.run:748)] - 数据: {"anonymous":null,"font":8400680,"group_id":556981260,"message":"第999段 速度286.99/290.22 击键4.84 码长1.00 回改0 错字1 键数450 键准100% 字数450 &#91;类似这样意思的话：“当&#93;2.44s 打词89(69.33%/5.36) 起步354.59/5.91/1.00 重打2次(497字) 波动0.15 评分：[CQ:image,file=95E4EFFFECAA470C7FEB3E497AD39DBA.png,url=https://gchat.qpic.cn/gchatpic_new/2623495687/556981260-2987045165-95E4EFFFECAA470C7FEB3E497AD39DBA/0?vuin=2997400528&amp;term=2]  输入法：搜狗拼音 起打于21:23:25 个签：别跟我讨论意义，我也不跟你较劲 y16","message_id":64528,"message_type":"group","post_type":"message","raw_message":"第999段 速度286.99/290.22 击键4.84 码长1.00 回改0 错字1 键数450 键准100% 字数450 &#91;类似这样意思的话：“当&#93;2.44s 打词89(69.33%/5.36) 起步354.59/5.91/1.00 重打2次(497字) 波动0.15 评分：[CQ:image,file=95E4EFFFECAA470C7FEB3E497AD39DBA.png]  输入法：搜狗拼音 起打于21:23:25 个签：别跟我讨论意义，我也不跟你较劲 y16","self_id":2997400528,"sender":{"age":22,"area":"济南","card":"阿金-E迅速录","level":"新日电动车","nickname":"E迅阿金","role":"member","sex":"male","title":"","user_id":2623495687},"sub_type":"normal","time":1563974674,"user_id":2623495687}
[19-07-24 21:24:39] [PicqBotX] [DEBUG(java.lang.Thread.run:748)] 收到新请求: CQHttp/4.10.1
[19-07-24 21:24:39] [PicqBotX] [DEBUG(java.lang.Thread.run:748)] - 数据: {"anonymous":null,"font":8400584,"group_id":556981260,"message":"#成绩","message_id":64529,"message_type":"group","post_type":"message","raw_message":"#成绩","self_id":2997400528,"sender":{"age":22,"area":"济南","card":"阿金-E迅速录","level":"新日电动车","nickname":"E迅阿金","role":"member","sex":"male","title":"","user_id":2623495687},"sub_type":"normal","time":1563974679,"user_id":2623495687}
[19-07-24 21:24:42] [PicqBotX] [DEBUG(java.lang.Thread.run:748)] 收到新请求: CQHttp/4.10.1
[19-07-24 21:24:42] [PicqBotX] [DEBUG(java.lang.Thread.run:748)] - 数据: {"anonymous":null,"font":8400488,"group_id":556981260,"message":"[CQ:image,file=EBDB8B9264C2AA875A1AC7073F52AB6A.png,url=https://gchat.qpic.cn/gchatpic_new/207938707/556981260-2431902078-EBDB8B9264C2AA875A1AC7073F52AB6A/0?vuin=2997400528&amp;term=2]","message_id":64530,"message_type":"group","post_type":"message","raw_message":"[CQ:image,file=EBDB8B9264C2AA875A1AC7073F52AB6A.png]","self_id":2997400528,"sender":{"age":6,"area":"北京","card":"","level":"波音747","nickname":"小拆","role":"admin","sex":"female","title":"","user_id":207938707},"sub_type":"normal","time":1563974682,"user_id":207938707}
[19-07-24 21:33:39] [PicqBotX] [DEBUG(java.lang.Thread.run:748)] 收到新请求: CQHttp/4.10.1
[19-07-24 21:33:39] [PicqBotX] [DEBUG(java.lang.Thread.run:748)] - 数据: {"anonymous":null,"font":8399144,"group_id":556981260,"message":"#成绩首打","message_id":64531,"message_type":"group","post_type":"message","raw_message":"#成绩首打","self_id":2997400528,"sender":{"age":0,"area":"台州","card":"枫叶-极点86","level":"死飞单车","nickname":"枫叶","role":"member","sex":"male","title":"","user_id":1083477572},"sub_type":"normal","time":1563975218,"user_id":1083477572}
[19-07-24 21:33:41] [PicqBotX] [DEBUG(java.lang.Thread.run:748)] 收到新请求: CQHttp/4.10.1
[19-07-24 21:33:41] [PicqBotX] [DEBUG(java.lang.Thread.run:748)] - 数据: {"anonymous":null,"font":8399336,"group_id":556981260,"message":"[CQ:image,file=8D693157C8AD43199213237707C9B38F.png,url=https://gchat.qpic.cn/gchatpic_new/207938707/556981260-2756261316-8D693157C8AD43199213237707C9B38F/0?vuin=2997400528&amp;term=2]","message_id":64532,"message_type":"group","post_type":"message","raw_message":"[CQ:image,file=8D693157C8AD43199213237707C9B38F.png]","self_id":2997400528,"sender":{"age":6,"area":"北京","card":"","level":"波音747","nickname":"小拆","role":"admin","sex":"female","title":"","user_id":207938707},"sub_type":"normal","time":1563975221,"user_id":207938707}
[19-07-24 21:34:32] [PicqBotX] [DEBUG(java.lang.Thread.run:748)] 收到新请求: CQHttp/4.10.1
[19-07-24 21:34:32] [PicqBotX] [DEBUG(java.lang.Thread.run:748)] - 数据: {"anonymous":null,"font":8399368,"group_id":556981260,"message":"首打第三还行","message_id":64533,"message_type":"group","post_type":"message","raw_message":"首打第三还行","self_id":2997400528,"sender":{"age":16,"area":"苏州","card":"聆竹听风-091","level":"死飞单车","nickname":"聆竹听风","role":"member","sex":"male","title":"","user_id":1144107042},"sub_type":"normal","time":1563975272,"user_id":1144107042}
[19-07-24 21:35:12] [PicqBotX] [DEBUG(java.lang.Thread.run:748)] 收到新请求: CQHttp/4.10.1
[19-07-24 21:35:12] [PicqBotX] [DEBUG(java.lang.Thread.run:748)] - 数据: {"anonymous":null,"font":8399880,"group_id":556981260,"message":"强","message_id":64534,"message_type":"group","post_type":"message","raw_message":"强","self_id":2997400528,"sender":{"age":22,"area":"","card":"哀-091","level":"五菱宏光","nickname":"哀","role":"member","sex":"male","title":"","user_id":1452940959},"sub_type":"normal","time":1563975312,"user_id":1452940959}
[19-07-24 21:39:51] [PicqBotX] [DEBUG(java.lang.Thread.run:748)] 收到新请求: CQHttp/4.10.1
[19-07-24 21:39:51] [PicqBotX] [DEBUG(java.lang.Thread.run:748)] - 数据: {"anonymous":null,"font":8399912,"group_id":556981260,"message":"可惜了我那么好的设计，唉，没办法啊，键盘厂商要是采纳了我这样的设计就好了","message_id":64535,"message_type":"group","post_type":"message","raw_message":"可惜了我那么好的设计，唉，没办法啊，键盘厂商要是采纳了我这样的设计就好了","self_id":2997400528,"sender":{"age":25,"area":"","card":"利键—双拼","level":"五菱宏光","nickname":"神采飞扬","role":"member","sex":"male","title":"","user_id":1078179677},"sub_type":"normal","time":1563975590,"user_id":1078179677}
[19-07-24 21:40:07] [PicqBotX] [DEBUG(java.lang.Thread.run:748)] 收到新请求: CQHttp/4.10.1
[19-07-24 21:40:07] [PicqBotX] [DEBUG(java.lang.Thread.run:748)] - 数据: {"anonymous":null,"font":8399720,"group_id":556981260,"message":"心疼键键","message_id":64536,"message_type":"group","post_type":"message","raw_message":"心疼键键","self_id":2997400528,"sender":{"age":1,"area":"广州","card":"无聊-小鹤全拼","level":"新日电动车","nickname":"无聊","role":"member","sex":"male","title":"","user_id":779855010},"sub_type":"normal","time":1563975607,"user_id":779855010}
[19-07-24 21:41:19] [PicqBotX] [DEBUG(java.lang.Thread.run:748)] 收到新请求: CQHttp/4.10.1
[19-07-24 21:41:19] [PicqBotX] [DEBUG(java.lang.Thread.run:748)] - 数据: {"anonymous":null,"font":8399048,"group_id":522394334,"message":"&#91;视频&#93;你的QQ暂不支持查看视频短片，请升级到最新版本后查看。","message_id":64537,"message_type":"group","post_type":"message","raw_message":"&#91;视频&#93;你的QQ暂不支持查看视频短片，请升级到最新版本后查看。","self_id":2997400528,"sender":{"age":0,"area":"","card":"酥梨-小鹤音形","level":"小白","nickname":"酥梨","role":"admin","sex":"male","title":"","user_id":1045865146},"sub_type":"normal","time":1563975679,"user_id":1045865146}
[19-07-24 21:41:41] [PicqBotX] [DEBUG(java.lang.Thread.run:748)] 收到新请求: CQHttp/4.10.1
[19-07-24 21:41:41] [PicqBotX] [DEBUG(java.lang.Thread.run:748)] - 数据: {"anonymous":null,"font":8399560,"group_id":522394334,"message":"图图！[CQ:at,qq=934693164] 这人好厉害啊！只用了23秒","message_id":64538,"message_type":"group","post_type":"message","raw_message":"图图！[CQ:at,qq=934693164] 这人好厉害啊！只用了23秒","self_id":2997400528,"sender":{"age":0,"area":"","card":"酥梨-小鹤音形","level":"小白","nickname":"酥梨","role":"admin","sex":"male","title":"","user_id":1045865146},"sub_type":"normal","time":1563975701,"user_id":1045865146}
[19-07-24 21:42:09] [PicqBotX] [DEBUG(java.lang.Thread.run:748)] 收到新请求: CQHttp/4.10.1
[19-07-24 21:42:09] [PicqBotX] [DEBUG(java.lang.Thread.run:748)] - 数据: {"anonymous":null,"font":8399240,"group_id":556981260,"message":"可惜了，不然妥妥的国家技术发明奖特等奖","message_id":64539,"message_type":"group","post_type":"message","raw_message":"可惜了，不然妥妥的国家技术发明奖特等奖","self_id":2997400528,"sender":{"age":27,"area":"武汉","card":"随心-小鹤音形","level":"小蹦哒","nickname":"№默☆伤♂","role":"member","sex":"male","title":"","user_id":1101721752},"sub_type":"normal","time":1563975729,"user_id":1101721752}
[19-07-24 21:45:22] [PicqBotX] [DEBUG(java.lang.Thread.run:748)] 收到新请求: CQHttp/4.10.1
