[19-07-24 20:59:56] [PicqBotX] [INFO] 
[19-07-24 20:59:56] [PicqBotX] [INFO]     ____  _            ____        __ _  __
[19-07-24 20:59:56] [PicqBotX] [INFO]    / __ \(_)________ _/ __ )____  / /| |/ /
[19-07-24 20:59:56] [PicqBotX] [INFO]   / /_/ / / ___/ __ `/ __  / __ \/ __/   /
[19-07-24 20:59:56] [PicqBotX] [INFO]  / ____/ / /__/ /_/ / /_/ / /_/ / /_/   |
[19-07-24 20:59:56] [PicqBotX] [INFO] /_/   /_/\___/\__, /_____/\____/\__/_/|_|
[19-07-24 20:59:56] [PicqBotX] [INFO]                 /_/         v4.10.1.928
[19-07-24 20:59:56] [PicqBotX] [INFO] 日志管理器     初始化完成 [******] ...(30.63 ms)
[19-07-24 20:59:56] [PicqBotX] [INFO] 缓存管理器     初始化完成 [******] ...(1.51 ms)
[19-07-24 20:59:56] [PicqBotX] [INFO] DEBUG设置     初始化完成 [******] ...(0.0 ms)
[19-07-24 20:59:57] [PicqBotX] [INFO] 事件管理器     初始化完成 [******] ...(28.85 ms)
[19-07-24 20:59:57] [PicqBotX] [INFO] 账号管理器     初始化完成 [******] ...(1.14 ms)
[19-07-24 20:59:57] [PicqBotX] [INFO] HTTP监听服务器 初始化完成 [******] ...(2.06 ms)
[19-07-24 20:59:57] [PicqBotX] [INFO] 账号 Bot01:   版本验证完成!
[19-07-24 20:59:57] [PicqBotX] [INFO] 正在启动...
[19-07-24 21:00:06] [PicqBotX] [DEBUG(java.lang.Thread.run:748)] 收到新请求: CQHttp/4.10.1
[19-07-24 21:00:06] [PicqBotX] [DEBUG(java.lang.Thread.run:748)] - 数据: {"anonymous":null,"font":8400520,"group_id":723795668,"message":"第999段 速度198.67 击键3.51 码长1.06 回改3 错字0 键数106 键准88.68% 字数100 &#91;持片&#93;6.01s 打词17(39.00%/3.37) 起步291.48/4.86/1.00 波动0.51 评分：[CQ:image,file=54C30635255C9357A28FD339BB36D19B.png,url=https://gchat.qpic.cn/gchatpic_new/2623495687/723795668-2166311388-54C30635255C9357A28FD339BB36D19B/0?vuin=2997400528&amp;term=2]  输入法：搜狗拼音 起打于20:59:59 个签：别跟我讨论意义，我也不跟你较劲 y16","message_id":64296,"message_type":"group","post_type":"message","raw_message":"第999段 速度198.67 击键3.51 码长1.06 回改3 错字0 键数106 键准88.68% 字数100 &#91;持片&#93;6.01s 打词17(39.00%/3.37) 起步291.48/4.86/1.00 波动0.51 评分：[CQ:image,file=54C30635255C9357A28FD339BB36D19B.png]  输入法：搜狗拼音 起打于20:59:59 个签：别跟我讨论意义，我也不跟你较劲 y16","self_id":2997400528,"sender":{"age":22,"area":"济南","card":"E迅速录阿金","level":"入门","nickname":"E迅阿金","role":"member","sex":"male","title":"","user_id":2623495687},"sub_type":"normal","time":1563973206,"user_id":2623495687}
[19-07-24 21:00:08] [PicqBotX] [DEBUG(java.lang.Thread.run:748)] 收到新请求: CQHttp/4.10.1
[19-07-24 21:00:08] [PicqBotX] [DEBUG(java.lang.Thread.run:748)] - 数据: {"anonymous":null,"font":8400232,"group_id":723795668,"message":"#成绩","message_id":64297,"message_type":"group","post_type":"message","raw_message":"#成绩","self_id":2997400528,"sender":{"age":22,"area":"济南","card":"E迅速录阿金","level":"入门","nickname":"E迅阿金","role":"member","sex":"male","title":"","user_id":2623495687},"sub_type":"normal","time":1563973208,"user_id":2623495687}
[19-07-24 21:00:11] [PicqBotX] [DEBUG(java.lang.Thread.run:748)] 收到新请求: CQHttp/4.10.1
[19-07-24 21:00:11] [PicqBotX] [DEBUG(java.lang.Thread.run:748)] - 数据: {"anonymous":null,"font":8400616,"group_id":723795668,"message":"[CQ:image,file=3833373C1D06948B41576ACC05C8A22F.png,url=https://gchat.qpic.cn/gchatpic_new/207938707/723795668-2269585828-3833373C1D06948B41576ACC05C8A22F/0?vuin=2997400528&amp;term=2]","message_id":64298,"message_type":"group","post_type":"message","raw_message":"[CQ:image,file=3833373C1D06948B41576ACC05C8A22F.png]","self_id":2997400528,"sender":{"age":6,"area":"北京","card":"","level":"小白","nickname":"小拆","role":"member","sex":"female","title":"","user_id":207938707},"sub_type":"normal","time":1563973211,"user_id":207938707}
[19-07-24 21:00:16] [PicqBotX] [DEBUG(java.lang.Thread.run:748)] 收到新请求: CQHttp/4.10.1
[19-07-24 21:00:16] [PicqBotX] [DEBUG(java.lang.Thread.run:748)] - 数据: {"font":8400488,"message":"-启动","message_id":64299,"message_type":"private","post_type":"message","raw_message":"-启动","self_id":2997400528,"sender":{"age":22,"nickname":"过度","sex":"female","user_id":1061917700},"sub_type":"friend","time":1563973216,"user_id":1061917700}
[19-07-24 21:00:18] [PicqBotX] [DEBUG(java.lang.Thread.run:748)] 收到新请求: CQHttp/4.10.1
[19-07-24 21:00:18] [PicqBotX] [DEBUG(java.lang.Thread.run:748)] - 数据: {"font":8400488,"message":"#匹配","message_id":64301,"message_type":"private","post_type":"message","raw_message":"#匹配","self_id":2997400528,"sender":{"age":22,"nickname":"过度","sex":"female","user_id":1061917700},"sub_type":"friend","time":1563973218,"user_id":1061917700}
[19-07-24 21:00:20] [PicqBotX] [DEBUG(java.lang.Thread.run:748)] 收到新请求: CQHttp/4.10.1
[19-07-24 21:00:20] [PicqBotX] [DEBUG(java.lang.Thread.run:748)] - 数据: {"font":8400872,"message":"#匹配","message_id":64303,"message_type":"private","post_type":"message","raw_message":"#匹配","self_id":2997400528,"sender":{"age":22,"nickname":"传话筒","sex":"male","user_id":1061917110},"sub_type":"friend","time":1563973220,"user_id":1061917110}
[19-07-24 21:00:24] [PicqBotX] [DEBUG(java.lang.Thread.run:748)] 收到新请求: CQHttp/4.10.1
[19-07-24 21:00:24] [PicqBotX] [DEBUG(java.lang.Thread.run:748)] - 数据: {"font":8400520,"message":"#匹配","message_id":64307,"message_type":"private","post_type":"message","raw_message":"#匹配","self_id":2997400528,"sender":{"age":8,"nickname":"0 4 . 2 2","sex":"male","user_id":1061917196},"sub_type":"friend","time":1563973224,"user_id":1061917196}
[19-07-24 21:00:25] [PicqBotX] [DEBUG(java.lang.Thread.run:748)] 收到新请求: CQHttp/4.10.1
[19-07-24 21:00:25] [PicqBotX] [DEBUG(java.lang.Thread.run:748)] - 数据: {"anonymous":null,"font":8400488,"group_id":556981260,"message":"利键是想祸害谁了","message_id":64309,"message_type":"group","post_type":"message","raw_message":"利键是想祸害谁了","self_id":2997400528,"sender":{"age":27,"area":"武汉","card":"随心-小鹤音形","level":"小蹦哒","nickname":"№默☆伤♂","role":"member","sex":"male","title":"","user_id":1101721752},"sub_type":"normal","time":1563973225,"user_id":1101721752}
[19-07-24 21:00:25] [PicqBotX] [DEBUG(java.lang.Thread.run:748)] 收到新请求: CQHttp/4.10.1
[19-07-24 21:00:25] [PicqBotX] [DEBUG(java.lang.Thread.run:748)] - 数据: {"font":8400520,"message":"的","message_id":64310,"message_type":"private","post_type":"message","raw_message":"的","self_id":2997400528,"sender":{"age":22,"nickname":"过度","sex":"female","user_id":1061917700},"sub_type":"friend","time":1563973225,"user_id":1061917700}
[19-07-24 21:00:29] [PicqBotX] [DEBUG(java.lang.Thread.run:748)] 收到新请求: CQHttp/4.10.1
[19-07-24 21:00:29] [PicqBotX] [DEBUG(java.lang.Thread.run:748)] - 数据: {"font":8400136,"message":"[CQ:face,id=101]","message_id":64312,"message_type":"private","post_type":"message","raw_message":"[CQ:face,id=101]","self_id":2997400528,"sender":{"age":22,"nickname":"过度","sex":"female","user_id":1061917700},"sub_type":"friend","time":1563973229,"user_id":1061917700}
[19-07-24 21:00:33] [PicqBotX] [DEBUG(java.lang.Thread.run:748)] 收到新请求: CQHttp/4.10.1
[19-07-24 21:00:33] [PicqBotX] [DEBUG(java.lang.Thread.run:748)] - 数据: {"font":8400488,"message":"#退出","message_id":64314,"message_type":"private","post_type":"message","raw_message":"#退出","self_id":2997400528,"sender":{"age":22,"nickname":"过度","sex":"female","user_id":1061917700},"sub_type":"friend","time":1563973233,"user_id":1061917700}
[19-07-24 21:00:34] [PicqBotX] [DEBUG(java.lang.Thread.run:748)] 收到新请求: CQHttp/4.10.1
[19-07-24 21:00:34] [PicqBotX] [DEBUG(java.lang.Thread.run:748)] - 数据: {"font":8400936,"message":"#匹配","message_id":64317,"message_type":"private","post_type":"message","raw_message":"#匹配","self_id":2997400528,"sender":{"age":22,"nickname":"过度","sex":"female","user_id":1061917700},"sub_type":"friend","time":1563973234,"user_id":1061917700}
[19-07-24 21:00:40] [PicqBotX] [DEBUG(java.lang.Thread.run:748)] 收到新请求: CQHttp/4.10.1
[19-07-24 21:00:40] [PicqBotX] [DEBUG(java.lang.Thread.run:748)] - 数据: {"font":8400072,"message":"[CQ:face,id=182]","message_id":64321,"message_type":"private","post_type":"message","raw_message":"[CQ:face,id=182]","self_id":2997400528,"sender":{"age":8,"nickname":"0 4 . 2 2","sex":"male","user_id":1061917196},"sub_type":"friend","time":1563973240,"user_id":1061917196}
[19-07-24 21:00:42] [PicqBotX] [DEBUG(java.lang.Thread.run:748)] 收到新请求: CQHttp/4.10.1
[19-07-24 21:00:42] [PicqBotX] [DEBUG(java.lang.Thread.run:748)] - 数据: {"font":8400584,"message":"[CQ:image,file=47E2C419EF6174760E5E354FB0A87188.png,url=https://c2cpicdw.qpic.cn/offpic_new/1061917196//4fcc7a86-41be-4a23-aee3-9f32e504047a/0?vuin=2997400528&amp;term=2]","message_id":64323,"message_type":"private","post_type":"message","raw_message":"[CQ:image,file=47E2C419EF6174760E5E354FB0A87188.png]","self_id":2997400528,"sender":{"age":8,"nickname":"0 4 . 2 2","sex":"male","user_id":1061917196},"sub_type":"friend","time":1563973242,"user_id":1061917196}
[19-07-24 21:00:46] [PicqBotX] [DEBUG(java.lang.Thread.run:748)] 收到新请求: CQHttp/4.10.1
[19-07-24 21:00:46] [PicqBotX] [DEBUG(java.lang.Thread.run:748)] - 数据: {"font":8400232,"message":"#退出","message_id":64325,"message_type":"private","post_type":"message","raw_message":"#退出","self_id":2997400528,"sender":{"age":8,"nickname":"0 4 . 2 2","sex":"male","user_id":1061917196},"sub_type":"friend","time":1563973246,"user_id":1061917196}
[19-07-24 21:00:47] [PicqBotX] [DEBUG(java.lang.Thread.run:748)] 收到新请求: CQHttp/4.10.1
[19-07-24 21:00:47] [PicqBotX] [DEBUG(java.lang.Thread.run:748)] - 数据: {"anonymous":null,"font":8400808,"group_id":556981260,"message":"十指怎么分布？","message_id":64328,"message_type":"group","post_type":"message","raw_message":"十指怎么分布？","self_id":2997400528,"sender":{"age":0,"area":"","card":"天生我才最无用の白焕 - 小鹤音形","level":"新日电动车","nickname":"_白焕゛","role":"member","sex":"unknown","title":"","user_id":2524098743},"sub_type":"normal","time":1563973247,"user_id":2524098743}
[19-07-24 21:00:48] [PicqBotX] [DEBUG(java.lang.Thread.run:748)] 收到新请求: CQHttp/4.10.1
[19-07-24 21:00:48] [PicqBotX] [DEBUG(java.lang.Thread.run:748)] - 数据: {"font":8400584,"message":"#匹配","message_id":64329,"message_type":"private","post_type":"message","raw_message":"#匹配","self_id":2997400528,"sender":{"age":8,"nickname":"0 4 . 2 2","sex":"male","user_id":1061917196},"sub_type":"friend","time":1563973248,"user_id":1061917196}
[19-07-24 21:00:51] [PicqBotX] [DEBUG(java.lang.Thread.run:748)] 收到新请求: CQHttp/4.10.1
[19-07-24 21:00:51] [PicqBotX] [DEBUG(java.lang.Thread.run:748)] - 数据: {"anonymous":null,"font":8400136,"group_id":556981260,"message":"[CQ:at,qq=2524098743] 只为了最大限度的降低学习成本","message_id":64331,"message_type":"group","post_type":"message","raw_message":"[CQ:at,qq=2524098743] 只为了最大限度的降低学习成本","self_id":2997400528,"sender":{"age":25,"area":"","card":"利键—双拼","level":"五菱宏光","nickname":"神采飞扬","role":"member","sex":"male","title":"","user_id":1078179677},"sub_type":"normal","time":1563973251,"user_id":1078179677}
[19-07-24 21:00:53] [PicqBotX] [DEBUG(java.lang.Thread.run:748)] 收到新请求: CQHttp/4.10.1
[19-07-24 21:00:53] [PicqBotX] [DEBUG(java.lang.Thread.run:748)] - 数据: {"font":8400168,"message":"#匹配","message_id":64332,"message_type":"private","post_type":"message","raw_message":"#匹配","self_id":2997400528,"sender":{"age":22,"nickname":"传话筒","sex":"male","user_id":1061917110},"sub_type":"friend","time":1563973253,"user_id":1061917110}
[19-07-24 21:00:55] [PicqBotX] [DEBUG(java.lang.Thread.run:748)] 收到新请求: CQHttp/4.10.1
[19-07-24 21:00:55] [PicqBotX] [DEBUG(java.lang.Thread.run:748)] - 数据: {"font":8400040,"message":"#匹配","message_id":64334,"message_type":"private","post_type":"message","raw_message":"#匹配","self_id":2997400528,"sender":{"age":22,"nickname":"过度","sex":"female","user_id":1061917700},"sub_type":"friend","time":1563973255,"user_id":1061917700}
[19-07-24 21:00:57] [PicqBotX] [DEBUG(java.lang.Thread.run:748)] 收到新请求: CQHttp/4.10.1
[19-07-24 21:00:57] [PicqBotX] [DEBUG(java.lang.Thread.run:748)] - 数据: {"anonymous":null,"font":8400328,"group_id":556981260,"message":"各个按键的压力？","message_id":64338,"message_type":"group","post_type":"message","raw_message":"各个按键的压力？","self_id":2997400528,"sender":{"age":0,"area":"","card":"天生我才最无用の白焕 - 小鹤音形","level":"新日电动车","nickname":"_白焕゛","role":"member","sex":"unknown","title":"","user_id":2524098743},"sub_type":"normal","time":1563973257,"user_id":2524098743}
[19-07-24 21:01:00] [PicqBotX] [DEBUG(java.lang.Thread.run:748)] 收到新请求: CQHttp/4.10.1
[19-07-24 21:01:00] [PicqBotX] [DEBUG(java.lang.Thread.run:748)] - 数据: {"font":8400488,"message":"#退出","message_id":64339,"message_type":"private","post_type":"message","raw_message":"#退出","self_id":2997400528,"sender":{"age":8,"nickname":"0 4 . 2 2","sex":"male","user_id":1061917196},"sub_type":"friend","time":1563973260,"user_id":1061917196}
[19-07-24 21:01:03] [PicqBotX] [DEBUG(java.lang.Thread.run:748)] 收到新请求: CQHttp/4.10.1
[19-07-24 21:01:03] [PicqBotX] [DEBUG(java.lang.Thread.run:748)] - 数据: {"font":8400584,"message":"#匹配","message_id":64342,"message_type":"private","post_type":"message","raw_message":"#匹配","self_id":2997400528,"sender":{"age":8,"nickname":"0 4 . 2 2","sex":"male","user_id":1061917196},"sub_type":"friend","time":1563973263,"user_id":1061917196}
[19-07-24 21:01:05] [PicqBotX] [DEBUG(java.lang.Thread.run:748)] 收到新请求: CQHttp/4.10.1
[19-07-24 21:01:05] [PicqBotX] [DEBUG(java.lang.Thread.run:748)] - 数据: {"font":8400488,"message":"#匹配","message_id":64344,"message_type":"private","post_type":"message","raw_message":"#匹配","self_id":2997400528,"sender":{"age":22,"nickname":"过度","sex":"female","user_id":1061917700},"sub_type":"friend","time":1563973265,"user_id":1061917700}
[19-07-24 21:01:13] [PicqBotX] [DEBUG(java.lang.Thread.run:748)] 收到新请求: CQHttp/4.10.1
