[19-07-24 20:25:08] [PicqBotX] [INFO] 
[19-07-24 20:25:08] [PicqBotX] [INFO]     ____  _            ____        __ _  __
[19-07-24 20:25:08] [PicqBotX] [INFO]    / __ \(_)________ _/ __ )____  / /| |/ /
[19-07-24 20:25:08] [PicqBotX] [INFO]   / /_/ / / ___/ __ `/ __  / __ \/ __/   /
[19-07-24 20:25:08] [PicqBotX] [INFO]  / ____/ / /__/ /_/ / /_/ / /_/ / /_/   |
[19-07-24 20:25:08] [PicqBotX] [INFO] /_/   /_/\___/\__, /_____/\____/\__/_/|_|
[19-07-24 20:25:08] [PicqBotX] [INFO]                 /_/         v4.10.1.928
[19-07-24 20:25:08] [PicqBotX] [INFO] 日志管理器     初始化完成 [******] ...(48.95 ms)
[19-07-24 20:25:08] [PicqBotX] [INFO] 缓存管理器     初始化完成 [******] ...(1.91 ms)
[19-07-24 20:25:08] [PicqBotX] [INFO] DEBUG设置     初始化完成 [******] ...(0.01 ms)
[19-07-24 20:25:08] [PicqBotX] [INFO] 事件管理器     初始化完成 [******] ...(45.23 ms)
[19-07-24 20:25:08] [PicqBotX] [INFO] 账号管理器     初始化完成 [******] ...(1.94 ms)
[19-07-24 20:25:08] [PicqBotX] [INFO] HTTP监听服务器 初始化完成 [******] ...(2.11 ms)
[19-07-24 20:25:09] [PicqBotX] [INFO] 账号 Bot01:   版本验证完成!
[19-07-24 20:25:09] [PicqBotX] [INFO] 正在启动...
[19-07-24 20:25:09] [PicqBotX] [DEBUG(java.lang.Thread.run:748)] 收到新请求: CQHttp/4.10.1
[19-07-24 20:25:09] [PicqBotX] [DEBUG(java.lang.Thread.run:748)] - 数据: {"font":8400456,"message":"-启动","message_id":64039,"message_type":"private","post_type":"message","raw_message":"-启动","self_id":2997400528,"sender":{"age":8,"nickname":"0 4 . 2 2","sex":"male","user_id":1061917196},"sub_type":"friend","time":1563971109,"user_id":1061917196}
[19-07-24 20:25:10] [PicqBotX] [DEBUG(java.lang.Thread.run:748)] 收到新请求: CQHttp/4.10.1
[19-07-24 20:25:10] [PicqBotX] [DEBUG(java.lang.Thread.run:748)] - 数据: {"font":8400520,"message":"#匹配","message_id":64041,"message_type":"private","post_type":"message","raw_message":"#匹配","self_id":2997400528,"sender":{"age":8,"nickname":"0 4 . 2 2","sex":"male","user_id":1061917196},"sub_type":"friend","time":1563971110,"user_id":1061917196}
[19-07-24 20:25:13] [PicqBotX] [DEBUG(java.lang.Thread.run:748)] 收到新请求: CQHttp/4.10.1
